Tue Jan 24 14:37:30 CST 2017 Thread[nioEventLoopGroup-2-2,10,main] Ignored duplicate property derby.module.dataDictionary in jar:file:/data/.versions/spark-1.6.0/lib/spark-examples-1.6.0-hadoop2.6.0-cdh5.4.9.jar!/org/apache/derby/modules.properties
Tue Jan 24 14:37:30 CST 2017 Thread[nioEventLoopGroup-2-2,10,main] Ignored duplicate property derby.module.lockManagerJ1 in jar:file:/data/.versions/spark-1.6.0/lib/spark-examples-1.6.0-hadoop2.6.0-cdh5.4.9.jar!/org/apache/derby/modules.properties
Tue Jan 24 14:37:30 CST 2017 Thread[nioEventLoopGroup-2-2,10,main] Ignored duplicate property derby.env.classes.dvfJ2 in jar:file:/data/.versions/spark-1.6.0/lib/spark-examples-1.6.0-hadoop2.6.0-cdh5.4.9.jar!/org/apache/derby/modules.properties
Tue Jan 24 14:37:30 CST 2017 Thread[nioEventLoopGroup-2-2,10,main] Ignored duplicate property derby.module.javaCompiler in jar:file:/data/.versions/spark-1.6.0/lib/spark-examples-1.6.0-hadoop2.6.0-cdh5.4.9.jar!/org/apache/derby/modules.properties
Tue Jan 24 14:37:30 CST 2017 Thread[nioEventLoopGroup-2-2,10,main] Ignored duplicate property derby.module.replication.slave in jar:file:/data/.versions/spark-1.6.0/lib/spark-examples-1.6.0-hadoop2.6.0-cdh5.4.9.jar!/org/apache/derby/modules.properties
Tue Jan 24 14:37:30 CST 2017 Thread[nioEventLoopGroup-2-2,10,main] Ignored duplicate property derby.env.jdk.rawStore.transactionJ6 in jar:file:/data/.versions/spark-1.6.0/lib/spark-examples-1.6.0-hadoop2.6.0-cdh5.4.9.jar!/org/apache/derby/modules.properties
Tue Jan 24 14:37:30 CST 2017 Thread[nioEventLoopGroup-2-2,10,main] Ignored duplicate property derby.module.ef in jar:file:/data/.versions/spark-1.6.0/lib/spark-examples-1.6.0-hadoop2.6.0-cdh5.4.9.jar!/org/apache/derby/modules.properties
Tue Jan 24 14:37:30 CST 2017 Thread[nioEventLoopGroup-2-2,10,main] Ignored duplicate property derby.env.jdk.rawStore.transactionJ1 in jar:file:/data/.versions/spark-1.6.0/lib/spark-examples-1.6.0-hadoop2.6.0-cdh5.4.9.jar!/org/apache/derby/modules.properties
Tue Jan 24 14:37:30 CST 2017 Thread[nioEventLoopGroup-2-2,10,main] Ignored duplicate property derby.module.database in jar:file:/data/.versions/spark-1.6.0/lib/spark-examples-1.6.0-hadoop2.6.0-cdh5.4.9.jar!/org/apache/derby/modules.properties
Tue Jan 24 14:37:30 CST 2017 Thread[nioEventLoopGroup-2-2,10,main] Ignored duplicate property derby.module.NoneAuthentication in jar:file:/data/.versions/spark-1.6.0/lib/spark-examples-1.6.0-hadoop2.6.0-cdh5.4.9.jar!/org/apache/derby/modules.properties
Tue Jan 24 14:37:30 CST 2017 Thread[nioEventLoopGroup-2-2,10,main] Ignored duplicate property derby.module.netServer.autoStart in jar:file:/data/.versions/spark-1.6.0/lib/spark-examples-1.6.0-hadoop2.6.0-cdh5.4.9.jar!/org/apache/derby/modules.properties
Tue Jan 24 14:37:30 CST 2017 Thread[nioEventLoopGroup-2-2,10,main] Ignored duplicate property derby.module.dvfJ2 in jar:file:/data/.versions/spark-1.6.0/lib/spark-examples-1.6.0-hadoop2.6.0-cdh5.4.9.jar!/org/apache/derby/modules.properties
Tue Jan 24 14:37:30 CST 2017 Thread[nioEventLoopGroup-2-2,10,main] Ignored duplicate property derby.module.mgmt.null in jar:file:/data/.versions/spark-1.6.0/lib/spark-examples-1.6.0-hadoop2.6.0-cdh5.4.9.jar!/org/apache/derby/modules.properties
Tue Jan 24 14:37:30 CST 2017 Thread[nioEventLoopGroup-2-2,10,main] Ignored duplicate property derby.module.nativeAuthentication in jar:file:/data/.versions/spark-1.6.0/lib/spark-examples-1.6.0-hadoop2.6.0-cdh5.4.9.jar!/org/apache/derby/modules.properties
Tue Jan 24 14:37:30 CST 2017 Thread[nioEventLoopGroup-2-2,10,main] Ignored duplicate property derby.env.jdk.lockManagerJ6 in jar:file:/data/.versions/spark-1.6.0/lib/spark-examples-1.6.0-hadoop2.6.0-cdh5.4.9.jar!/org/apache/derby/modules.properties
Tue Jan 24 14:37:30 CST 2017 Thread[nioEventLoopGroup-2-2,10,main] Ignored duplicate property derby.module.replication.master in jar:file:/data/.versions/spark-1.6.0/lib/spark-examples-1.6.0-hadoop2.6.0-cdh5.4.9.jar!/org/apache/derby/modules.properties
Tue Jan 24 14:37:30 CST 2017 Thread[nioEventLoopGroup-2-2,10,main] Ignored duplicate property derby.module.dvfCDC in jar:file:/data/.versions/spark-1.6.0/lib/spark-examples-1.6.0-hadoop2.6.0-cdh5.4.9.jar!/org/apache/derby/modules.properties
Tue Jan 24 14:37:30 CST 2017 Thread[nioEventLoopGroup-2-2,10,main] Ignored duplicate property derby.module.access.btree in jar:file:/data/.versions/spark-1.6.0/lib/spark-examples-1.6.0-hadoop2.6.0-cdh5.4.9.jar!/org/apache/derby/modules.properties
Tue Jan 24 14:37:30 CST 2017 Thread[nioEventLoopGroup-2-2,10,main] Ignored duplicate property derby.env.jdk.lockManagerJ1 in jar:file:/data/.versions/spark-1.6.0/lib/spark-examples-1.6.0-hadoop2.6.0-cdh5.4.9.jar!/org/apache/derby/modules.properties
Tue Jan 24 14:37:30 CST 2017 Thread[nioEventLoopGroup-2-2,10,main] Ignored duplicate property derby.module.uuidJ1 in jar:file:/data/.versions/spark-1.6.0/lib/spark-examples-1.6.0-hadoop2.6.0-cdh5.4.9.jar!/org/apache/derby/modules.properties
Tue Jan 24 14:37:30 CST 2017 Thread[nioEventLoopGroup-2-2,10,main] Ignored duplicate property derby.module.cryptographyJ2 in jar:file:/data/.versions/spark-1.6.0/lib/spark-examples-1.6.0-hadoop2.6.0-cdh5.4.9.jar!/org/apache/derby/modules.properties
Tue Jan 24 14:37:30 CST 2017 Thread[nioEventLoopGroup-2-2,10,main] Ignored duplicate property derby.env.jdk.rawStore.data.genericJ4 in jar:file:/data/.versions/spark-1.6.0/lib/spark-examples-1.6.0-hadoop2.6.0-cdh5.4.9.jar!/org/apache/derby/modules.properties
Tue Jan 24 14:37:30 CST 2017 Thread[nioEventLoopGroup-2-2,10,main] Ignored duplicate property derby.env.jdk.rawStore.data.genericJ1 in jar:file:/data/.versions/spark-1.6.0/lib/spark-examples-1.6.0-hadoop2.6.0-cdh5.4.9.jar!/org/apache/derby/modules.properties
Tue Jan 24 14:37:30 CST 2017 Thread[nioEventLoopGroup-2-2,10,main] Ignored duplicate property derby.module.access in jar:file:/data/.versions/spark-1.6.0/lib/spark-examples-1.6.0-hadoop2.6.0-cdh5.4.9.jar!/org/apache/derby/modules.properties
Tue Jan 24 14:37:30 CST 2017 Thread[nioEventLoopGroup-2-2,10,main] Ignored duplicate property derby.module.jdbc169 in jar:file:/data/.versions/spark-1.6.0/lib/spark-examples-1.6.0-hadoop2.6.0-cdh5.4.9.jar!/org/apache/derby/modules.properties
Tue Jan 24 14:37:30 CST 2017 Thread[nioEventLoopGroup-2-2,10,main] Ignored duplicate property derby.env.jdk.cryptographyJ2 in jar:file:/data/.versions/spark-1.6.0/lib/spark-examples-1.6.0-hadoop2.6.0-cdh5.4.9.jar!/org/apache/derby/modules.properties
Tue Jan 24 14:37:30 CST 2017 Thread[nioEventLoopGroup-2-2,10,main] Ignored duplicate property derby.module.optimizer in jar:file:/data/.versions/spark-1.6.0/lib/spark-examples-1.6.0-hadoop2.6.0-cdh5.4.9.jar!/org/apache/derby/modules.properties
Tue Jan 24 14:37:30 CST 2017 Thread[nioEventLoopGroup-2-2,10,main] Ignored duplicate property derby.env.jdk.mgmt.jmx in jar:file:/data/.versions/spark-1.6.0/lib/spark-examples-1.6.0-hadoop2.6.0-cdh5.4.9.jar!/org/apache/derby/modules.properties
Tue Jan 24 14:37:30 CST 2017 Thread[nioEventLoopGroup-2-2,10,main] Ignored duplicate property derby.env.jdk.dvfJ2 in jar:file:/data/.versions/spark-1.6.0/lib/spark-examples-1.6.0-hadoop2.6.0-cdh5.4.9.jar!/org/apache/derby/modules.properties
Tue Jan 24 14:37:30 CST 2017 Thread[nioEventLoopGroup-2-2,10,main] Ignored duplicate property derby.module.specificAuthentication in jar:file:/data/.versions/spark-1.6.0/lib/spark-examples-1.6.0-hadoop2.6.0-cdh5.4.9.jar!/org/apache/derby/modules.properties
Tue Jan 24 14:37:30 CST 2017 Thread[nioEventLoopGroup-2-2,10,main] Ignored duplicate property derby.module.JNDIAuthentication in jar:file:/data/.versions/spark-1.6.0/lib/spark-examples-1.6.0-hadoop2.6.0-cdh5.4.9.jar!/org/apache/derby/modules.properties
Tue Jan 24 14:37:30 CST 2017 Thread[nioEventLoopGroup-2-2,10,main] Ignored duplicate property derby.module.basicAuthentication in jar:file:/data/.versions/spark-1.6.0/lib/spark-examples-1.6.0-hadoop2.6.0-cdh5.4.9.jar!/org/apache/derby/modules.properties
Tue Jan 24 14:37:30 CST 2017 Thread[nioEventLoopGroup-2-2,10,main] Ignored duplicate property derby.module.rawStore.data.genericJ4 in jar:file:/data/.versions/spark-1.6.0/lib/spark-examples-1.6.0-hadoop2.6.0-cdh5.4.9.jar!/org/apache/derby/modules.properties
Tue Jan 24 14:37:30 CST 2017 Thread[nioEventLoopGroup-2-2,10,main] Ignored duplicate property derby.module.validation in jar:file:/data/.versions/spark-1.6.0/lib/spark-examples-1.6.0-hadoop2.6.0-cdh5.4.9.jar!/org/apache/derby/modules.properties
Tue Jan 24 14:37:30 CST 2017 Thread[nioEventLoopGroup-2-2,10,main] Ignored duplicate property derby.module.rawStore.data.genericJ1 in jar:file:/data/.versions/spark-1.6.0/lib/spark-examples-1.6.0-hadoop2.6.0-cdh5.4.9.jar!/org/apache/derby/modules.properties
Tue Jan 24 14:37:30 CST 2017 Thread[nioEventLoopGroup-2-2,10,main] Ignored duplicate property derby.module.classManagerJ6 in jar:file:/data/.versions/spark-1.6.0/lib/spark-examples-1.6.0-hadoop2.6.0-cdh5.4.9.jar!/org/apache/derby/modules.properties
Tue Jan 24 14:37:30 CST 2017 Thread[nioEventLoopGroup-2-2,10,main] Ignored duplicate property derby.module.streams in jar:file:/data/.versions/spark-1.6.0/lib/spark-examples-1.6.0-hadoop2.6.0-cdh5.4.9.jar!/org/apache/derby/modules.properties
Tue Jan 24 14:37:30 CST 2017 Thread[nioEventLoopGroup-2-2,10,main] Ignored duplicate property derby.module.classManagerJ2 in jar:file:/data/.versions/spark-1.6.0/lib/spark-examples-1.6.0-hadoop2.6.0-cdh5.4.9.jar!/org/apache/derby/modules.properties
Tue Jan 24 14:37:30 CST 2017 Thread[nioEventLoopGroup-2-2,10,main] Ignored duplicate property derby.env.classes.resourceAdapterJ2 in jar:file:/data/.versions/spark-1.6.0/lib/spark-examples-1.6.0-hadoop2.6.0-cdh5.4.9.jar!/org/apache/derby/modules.properties
Tue Jan 24 14:37:30 CST 2017 Thread[nioEventLoopGroup-2-2,10,main] Ignored duplicate property derby.env.classes.rawStore.transactionJ6 in jar:file:/data/.versions/spark-1.6.0/lib/spark-examples-1.6.0-hadoop2.6.0-cdh5.4.9.jar!/org/apache/derby/modules.properties
Tue Jan 24 14:37:30 CST 2017 Thread[nioEventLoopGroup-2-2,10,main] Ignored duplicate property derby.module.jdbcJ8 in jar:file:/data/.versions/spark-1.6.0/lib/spark-examples-1.6.0-hadoop2.6.0-cdh5.4.9.jar!/org/apache/derby/modules.properties
Tue Jan 24 14:37:30 CST 2017 Thread[nioEventLoopGroup-2-2,10,main] Ignored duplicate property derby.module.jdbcJ6 in jar:file:/data/.versions/spark-1.6.0/lib/spark-examples-1.6.0-hadoop2.6.0-cdh5.4.9.jar!/org/apache/derby/modules.properties
Tue Jan 24 14:37:30 CST 2017 Thread[nioEventLoopGroup-2-2,10,main] Ignored duplicate property derby.env.jdk.classManagerJ6 in jar:file:/data/.versions/spark-1.6.0/lib/spark-examples-1.6.0-hadoop2.6.0-cdh5.4.9.jar!/org/apache/derby/modules.properties
Tue Jan 24 14:37:30 CST 2017 Thread[nioEventLoopGroup-2-2,10,main] Ignored duplicate property derby.module.jdbcJ4 in jar:file:/data/.versions/spark-1.6.0/lib/spark-examples-1.6.0-hadoop2.6.0-cdh5.4.9.jar!/org/apache/derby/modules.properties
Tue Jan 24 14:37:30 CST 2017 Thread[nioEventLoopGroup-2-2,10,main] Ignored duplicate property derby.module.rawStore.log in jar:file:/data/.versions/spark-1.6.0/lib/spark-examples-1.6.0-hadoop2.6.0-cdh5.4.9.jar!/org/apache/derby/modules.properties
Tue Jan 24 14:37:30 CST 2017 Thread[nioEventLoopGroup-2-2,10,main] Ignored duplicate property derby.module.rawStore.log.readonly in jar:file:/data/.versions/spark-1.6.0/lib/spark-examples-1.6.0-hadoop2.6.0-cdh5.4.9.jar!/org/apache/derby/modules.properties
Tue Jan 24 14:37:30 CST 2017 Thread[nioEventLoopGroup-2-2,10,main] Ignored duplicate property derby.module.access.heap in jar:file:/data/.versions/spark-1.6.0/lib/spark-examples-1.6.0-hadoop2.6.0-cdh5.4.9.jar!/org/apache/derby/modules.properties
Tue Jan 24 14:37:30 CST 2017 Thread[nioEventLoopGroup-2-2,10,main] Ignored duplicate property derby.env.classes.jdbcJ8 in jar:file:/data/.versions/spark-1.6.0/lib/spark-examples-1.6.0-hadoop2.6.0-cdh5.4.9.jar!/org/apache/derby/modules.properties
Tue Jan 24 14:37:30 CST 2017 Thread[nioEventLoopGroup-2-2,10,main] Ignored duplicate property derby.module.daemon in jar:file:/data/.versions/spark-1.6.0/lib/spark-examples-1.6.0-hadoop2.6.0-cdh5.4.9.jar!/org/apache/derby/modules.properties
Tue Jan 24 14:37:30 CST 2017 Thread[nioEventLoopGroup-2-2,10,main] Ignored duplicate property derby.env.jdk.cacheManagerJ6 in jar:file:/data/.versions/spark-1.6.0/lib/spark-examples-1.6.0-hadoop2.6.0-cdh5.4.9.jar!/org/apache/derby/modules.properties
Tue Jan 24 14:37:30 CST 2017 Thread[nioEventLoopGroup-2-2,10,main] Ignored duplicate property derby.module.tcf in jar:file:/data/.versions/spark-1.6.0/lib/spark-examples-1.6.0-hadoop2.6.0-cdh5.4.9.jar!/org/apache/derby/modules.properties
Tue Jan 24 14:37:30 CST 2017 Thread[nioEventLoopGroup-2-2,10,main] Ignored duplicate property derby.env.classes.jdbcJ6 in jar:file:/data/.versions/spark-1.6.0/lib/spark-examples-1.6.0-hadoop2.6.0-cdh5.4.9.jar!/org/apache/derby/modules.properties
Tue Jan 24 14:37:30 CST 2017 Thread[nioEventLoopGroup-2-2,10,main] Ignored duplicate property derby.env.classes.jdbcJ4 in jar:file:/data/.versions/spark-1.6.0/lib/spark-examples-1.6.0-hadoop2.6.0-cdh5.4.9.jar!/org/apache/derby/modules.properties
Tue Jan 24 14:37:30 CST 2017 Thread[nioEventLoopGroup-2-2,10,main] Ignored duplicate property derby.module.access.uniquewithduplicatenullssort in jar:file:/data/.versions/spark-1.6.0/lib/spark-examples-1.6.0-hadoop2.6.0-cdh5.4.9.jar!/org/apache/derby/modules.properties
Tue Jan 24 14:37:30 CST 2017 Thread[nioEventLoopGroup-2-2,10,main] Ignored duplicate property derby.env.jdk.cacheManagerJ1 in jar:file:/data/.versions/spark-1.6.0/lib/spark-examples-1.6.0-hadoop2.6.0-cdh5.4.9.jar!/org/apache/derby/modules.properties
Tue Jan 24 14:37:30 CST 2017 Thread[nioEventLoopGroup-2-2,10,main] Ignored duplicate property derby.module.cacheManagerJ6 in jar:file:/data/.versions/spark-1.6.0/lib/spark-examples-1.6.0-hadoop2.6.0-cdh5.4.9.jar!/org/apache/derby/modules.properties
Tue Jan 24 14:37:30 CST 2017 Thread[nioEventLoopGroup-2-2,10,main] Ignored duplicate property derby.module.resultSetStatisticsFactory in jar:file:/data/.versions/spark-1.6.0/lib/spark-examples-1.6.0-hadoop2.6.0-cdh5.4.9.jar!/org/apache/derby/modules.properties
Tue Jan 24 14:37:30 CST 2017 Thread[nioEventLoopGroup-2-2,10,main] Ignored duplicate property derby.module.cacheManagerJ1 in jar:file:/data/.versions/spark-1.6.0/lib/spark-examples-1.6.0-hadoop2.6.0-cdh5.4.9.jar!/org/apache/derby/modules.properties
Tue Jan 24 14:37:30 CST 2017 Thread[nioEventLoopGroup-2-2,10,main] Ignored duplicate property derby.env.classes.cryptographyJ2 in jar:file:/data/.versions/spark-1.6.0/lib/spark-examples-1.6.0-hadoop2.6.0-cdh5.4.9.jar!/org/apache/derby/modules.properties
Tue Jan 24 14:37:30 CST 2017 Thread[nioEventLoopGroup-2-2,10,main] Ignored duplicate property derby.env.classes.rawStore.data.genericJ4 in jar:file:/data/.versions/spark-1.6.0/lib/spark-examples-1.6.0-hadoop2.6.0-cdh5.4.9.jar!/org/apache/derby/modules.properties
Tue Jan 24 14:37:30 CST 2017 Thread[nioEventLoopGroup-2-2,10,main] Ignored duplicate property derby.module.database.slave in jar:file:/data/.versions/spark-1.6.0/lib/spark-examples-1.6.0-hadoop2.6.0-cdh5.4.9.jar!/org/apache/derby/modules.properties
Tue Jan 24 14:37:30 CST 2017 Thread[nioEventLoopGroup-2-2,10,main] Ignored duplicate property derby.module.XPLAINFactory in jar:file:/data/.versions/spark-1.6.0/lib/spark-examples-1.6.0-hadoop2.6.0-cdh5.4.9.jar!/org/apache/derby/modules.properties
Tue Jan 24 14:37:30 CST 2017 Thread[nioEventLoopGroup-2-2,10,main] Ignored duplicate property derby.module.resourceAdapterJ2 in jar:file:/data/.versions/spark-1.6.0/lib/spark-examples-1.6.0-hadoop2.6.0-cdh5.4.9.jar!/org/apache/derby/modules.properties
Tue Jan 24 14:37:30 CST 2017 Thread[nioEventLoopGroup-2-2,10,main] Ignored duplicate property derby.module.access.sort in jar:file:/data/.versions/spark-1.6.0/lib/spark-examples-1.6.0-hadoop2.6.0-cdh5.4.9.jar!/org/apache/derby/modules.properties
Tue Jan 24 14:37:30 CST 2017 Thread[nioEventLoopGroup-2-2,10,main] Ignored duplicate property derby.module.mgmt.jmx in jar:file:/data/.versions/spark-1.6.0/lib/spark-examples-1.6.0-hadoop2.6.0-cdh5.4.9.jar!/org/apache/derby/modules.properties
Tue Jan 24 14:37:30 CST 2017 Thread[nioEventLoopGroup-2-2,10,main] Ignored duplicate property derby.module.rawStore.transactionJ6 in jar:file:/data/.versions/spark-1.6.0/lib/spark-examples-1.6.0-hadoop2.6.0-cdh5.4.9.jar!/org/apache/derby/modules.properties
Tue Jan 24 14:37:30 CST 2017 Thread[nioEventLoopGroup-2-2,10,main] Ignored duplicate property derby.env.classes.JNDIAuthentication in jar:file:/data/.versions/spark-1.6.0/lib/spark-examples-1.6.0-hadoop2.6.0-cdh5.4.9.jar!/org/apache/derby/modules.properties
Tue Jan 24 14:37:30 CST 2017 Thread[nioEventLoopGroup-2-2,10,main] Ignored duplicate property derby.module.rawStore.transactionJ1 in jar:file:/data/.versions/spark-1.6.0/lib/spark-examples-1.6.0-hadoop2.6.0-cdh5.4.9.jar!/org/apache/derby/modules.properties
Tue Jan 24 14:37:30 CST 2017 Thread[nioEventLoopGroup-2-2,10,main] Ignored duplicate property derby.module.timer in jar:file:/data/.versions/spark-1.6.0/lib/spark-examples-1.6.0-hadoop2.6.0-cdh5.4.9.jar!/org/apache/derby/modules.properties
Tue Jan 24 14:37:30 CST 2017 Thread[nioEventLoopGroup-2-2,10,main] Ignored duplicate property derby.module.lcf in jar:file:/data/.versions/spark-1.6.0/lib/spark-examples-1.6.0-hadoop2.6.0-cdh5.4.9.jar!/org/apache/derby/modules.properties
Tue Jan 24 14:37:30 CST 2017 Thread[nioEventLoopGroup-2-2,10,main] Ignored duplicate property derby.module.rawStore in jar:file:/data/.versions/spark-1.6.0/lib/spark-examples-1.6.0-hadoop2.6.0-cdh5.4.9.jar!/org/apache/derby/modules.properties
Tue Jan 24 14:37:30 CST 2017 Thread[nioEventLoopGroup-2-2,10,main] Ignored duplicate property derby.env.jdk.resourceAdapterJ2 in jar:file:/data/.versions/spark-1.6.0/lib/spark-examples-1.6.0-hadoop2.6.0-cdh5.4.9.jar!/org/apache/derby/modules.properties
Tue Jan 24 14:37:30 CST 2017 Thread[nioEventLoopGroup-2-2,10,main] Ignored duplicate property derby.env.classes.jdbc169 in jar:file:/data/.versions/spark-1.6.0/lib/spark-examples-1.6.0-hadoop2.6.0-cdh5.4.9.jar!/org/apache/derby/modules.properties
Tue Jan 24 14:37:30 CST 2017 Thread[nioEventLoopGroup-2-2,10,main] Ignored duplicate property derby.module.lf in jar:file:/data/.versions/spark-1.6.0/lib/spark-examples-1.6.0-hadoop2.6.0-cdh5.4.9.jar!/org/apache/derby/modules.properties
Tue Jan 24 14:37:30 CST 2017 Thread[nioEventLoopGroup-2-2,10,main] Ignored duplicate property derby.env.jdk.jdbcJ8 in jar:file:/data/.versions/spark-1.6.0/lib/spark-examples-1.6.0-hadoop2.6.0-cdh5.4.9.jar!/org/apache/derby/modules.properties
Tue Jan 24 14:37:30 CST 2017 Thread[nioEventLoopGroup-2-2,10,main] Ignored duplicate property derby.env.jdk.jdbcJ6 in jar:file:/data/.versions/spark-1.6.0/lib/spark-examples-1.6.0-hadoop2.6.0-cdh5.4.9.jar!/org/apache/derby/modules.properties
Tue Jan 24 14:37:30 CST 2017 Thread[nioEventLoopGroup-2-2,10,main] Ignored duplicate property derby.env.jdk.jdbcJ4 in jar:file:/data/.versions/spark-1.6.0/lib/spark-examples-1.6.0-hadoop2.6.0-cdh5.4.9.jar!/org/apache/derby/modules.properties
Tue Jan 24 14:37:30 CST 2017 Thread[nioEventLoopGroup-2-2,10,main] Ignored duplicate property derby.module.nodeFactory in jar:file:/data/.versions/spark-1.6.0/lib/spark-examples-1.6.0-hadoop2.6.0-cdh5.4.9.jar!/org/apache/derby/modules.properties
Tue Jan 24 14:37:30 CST 2017 Thread[nioEventLoopGroup-2-2,10,main] Ignored duplicate property derby.module.lockManagerJ6 in jar:file:/data/.versions/spark-1.6.0/lib/spark-examples-1.6.0-hadoop2.6.0-cdh5.4.9.jar!/org/apache/derby/modules.properties
Tue Jan 24 14:37:30 CST 2017 Thread[nioEventLoopGroup-2-2,10,main] Ignored duplicate property derby.module.replication.master in jar:file:/data/.versions/hive-1.1.0-cdh5.4.4/lib/hive-jdbc-1.1.0-cdh5.4.4-standalone.jar!/org/apache/derby/modules.properties
Tue Jan 24 14:37:30 CST 2017 Thread[nioEventLoopGroup-2-2,10,main] Ignored duplicate property derby.module.resultSetStatisticsFactory in jar:file:/data/.versions/hive-1.1.0-cdh5.4.4/lib/hive-jdbc-1.1.0-cdh5.4.4-standalone.jar!/org/apache/derby/modules.properties
Tue Jan 24 14:37:30 CST 2017 Thread[nioEventLoopGroup-2-2,10,main] Ignored duplicate property derby.module.NoneAuthentication in jar:file:/data/.versions/hive-1.1.0-cdh5.4.4/lib/hive-jdbc-1.1.0-cdh5.4.4-standalone.jar!/org/apache/derby/modules.properties
Tue Jan 24 14:37:30 CST 2017 Thread[nioEventLoopGroup-2-2,10,main] Ignored duplicate property derby.module.lockManagerJ6 in jar:file:/data/.versions/hive-1.1.0-cdh5.4.4/lib/hive-jdbc-1.1.0-cdh5.4.4-standalone.jar!/org/apache/derby/modules.properties
Tue Jan 24 14:37:30 CST 2017 Thread[nioEventLoopGroup-2-2,10,main] Ignored duplicate property derby.module.rawStore.log.readonly in jar:file:/data/.versions/hive-1.1.0-cdh5.4.4/lib/hive-jdbc-1.1.0-cdh5.4.4-standalone.jar!/org/apache/derby/modules.properties
Tue Jan 24 14:37:30 CST 2017 Thread[nioEventLoopGroup-2-2,10,main] Ignored duplicate property derby.module.jdbcJ8 in jar:file:/data/.versions/hive-1.1.0-cdh5.4.4/lib/hive-jdbc-1.1.0-cdh5.4.4-standalone.jar!/org/apache/derby/modules.properties
Tue Jan 24 14:37:30 CST 2017 Thread[nioEventLoopGroup-2-2,10,main] Ignored duplicate property derby.module.resourceAdapterJ2 in jar:file:/data/.versions/hive-1.1.0-cdh5.4.4/lib/hive-jdbc-1.1.0-cdh5.4.4-standalone.jar!/org/apache/derby/modules.properties
Tue Jan 24 14:37:30 CST 2017 Thread[nioEventLoopGroup-2-2,10,main] Ignored duplicate property derby.module.validation in jar:file:/data/.versions/hive-1.1.0-cdh5.4.4/lib/hive-jdbc-1.1.0-cdh5.4.4-standalone.jar!/org/apache/derby/modules.properties
Tue Jan 24 14:37:30 CST 2017 Thread[nioEventLoopGroup-2-2,10,main] Ignored duplicate property derby.module.jdbcJ6 in jar:file:/data/.versions/hive-1.1.0-cdh5.4.4/lib/hive-jdbc-1.1.0-cdh5.4.4-standalone.jar!/org/apache/derby/modules.properties
Tue Jan 24 14:37:30 CST 2017 Thread[nioEventLoopGroup-2-2,10,main] Ignored duplicate property derby.module.lcf in jar:file:/data/.versions/hive-1.1.0-cdh5.4.4/lib/hive-jdbc-1.1.0-cdh5.4.4-standalone.jar!/org/apache/derby/modules.properties
Tue Jan 24 14:37:30 CST 2017 Thread[nioEventLoopGroup-2-2,10,main] Ignored duplicate property derby.module.optimizer in jar:file:/data/.versions/hive-1.1.0-cdh5.4.4/lib/hive-jdbc-1.1.0-cdh5.4.4-standalone.jar!/org/apache/derby/modules.properties
Tue Jan 24 14:37:30 CST 2017 Thread[nioEventLoopGroup-2-2,10,main] Ignored duplicate property derby.module.XPLAINFactory in jar:file:/data/.versions/hive-1.1.0-cdh5.4.4/lib/hive-jdbc-1.1.0-cdh5.4.4-standalone.jar!/org/apache/derby/modules.properties
Tue Jan 24 14:37:30 CST 2017 Thread[nioEventLoopGroup-2-2,10,main] Ignored duplicate property derby.module.javaCompiler in jar:file:/data/.versions/hive-1.1.0-cdh5.4.4/lib/hive-jdbc-1.1.0-cdh5.4.4-standalone.jar!/org/apache/derby/modules.properties
Tue Jan 24 14:37:30 CST 2017 Thread[nioEventLoopGroup-2-2,10,main] Ignored duplicate property derby.module.tcf in jar:file:/data/.versions/hive-1.1.0-cdh5.4.4/lib/hive-jdbc-1.1.0-cdh5.4.4-standalone.jar!/org/apache/derby/modules.properties
Tue Jan 24 14:37:30 CST 2017 Thread[nioEventLoopGroup-2-2,10,main] Ignored duplicate property derby.module.dataDictionary in jar:file:/data/.versions/hive-1.1.0-cdh5.4.4/lib/hive-jdbc-1.1.0-cdh5.4.4-standalone.jar!/org/apache/derby/modules.properties
Tue Jan 24 14:37:30 CST 2017 Thread[nioEventLoopGroup-2-2,10,main] Ignored duplicate property derby.env.jdk.cacheManagerJ6 in jar:file:/data/.versions/hive-1.1.0-cdh5.4.4/lib/hive-jdbc-1.1.0-cdh5.4.4-standalone.jar!/org/apache/derby/modules.properties
Tue Jan 24 14:37:30 CST 2017 Thread[nioEventLoopGroup-2-2,10,main] Ignored duplicate property derby.module.ef in jar:file:/data/.versions/hive-1.1.0-cdh5.4.4/lib/hive-jdbc-1.1.0-cdh5.4.4-standalone.jar!/org/apache/derby/modules.properties
Tue Jan 24 14:37:30 CST 2017 Thread[nioEventLoopGroup-2-2,10,main] Ignored duplicate property derby.module.dvfJ2 in jar:file:/data/.versions/hive-1.1.0-cdh5.4.4/lib/hive-jdbc-1.1.0-cdh5.4.4-standalone.jar!/org/apache/derby/modules.properties
Tue Jan 24 14:37:30 CST 2017 Thread[nioEventLoopGroup-2-2,10,main] Ignored duplicate property derby.env.jdk.dvfJ2 in jar:file:/data/.versions/hive-1.1.0-cdh5.4.4/lib/hive-jdbc-1.1.0-cdh5.4.4-standalone.jar!/org/apache/derby/modules.properties
Tue Jan 24 14:37:30 CST 2017 Thread[nioEventLoopGroup-2-2,10,main] Ignored duplicate property derby.module.daemon in jar:file:/data/.versions/hive-1.1.0-cdh5.4.4/lib/hive-jdbc-1.1.0-cdh5.4.4-standalone.jar!/org/apache/derby/modules.properties
Tue Jan 24 14:37:30 CST 2017 Thread[nioEventLoopGroup-2-2,10,main] Ignored duplicate property derby.module.cacheManagerJ6 in jar:file:/data/.versions/hive-1.1.0-cdh5.4.4/lib/hive-jdbc-1.1.0-cdh5.4.4-standalone.jar!/org/apache/derby/modules.properties
Tue Jan 24 14:37:30 CST 2017 Thread[nioEventLoopGroup-2-2,10,main] Ignored duplicate property derby.module.rawStore.data.genericJ4 in jar:file:/data/.versions/hive-1.1.0-cdh5.4.4/lib/hive-jdbc-1.1.0-cdh5.4.4-standalone.jar!/org/apache/derby/modules.properties
Tue Jan 24 14:37:30 CST 2017 Thread[nioEventLoopGroup-2-2,10,main] Ignored duplicate property derby.env.jdk.rawStore.data.genericJ4 in jar:file:/data/.versions/hive-1.1.0-cdh5.4.4/lib/hive-jdbc-1.1.0-cdh5.4.4-standalone.jar!/org/apache/derby/modules.properties
Tue Jan 24 14:37:30 CST 2017 Thread[nioEventLoopGroup-2-2,10,main] Ignored duplicate property derby.module.rawStore.data.genericJ1 in jar:file:/data/.versions/hive-1.1.0-cdh5.4.4/lib/hive-jdbc-1.1.0-cdh5.4.4-standalone.jar!/org/apache/derby/modules.properties
Tue Jan 24 14:37:30 CST 2017 Thread[nioEventLoopGroup-2-2,10,main] Ignored duplicate property derby.module.basicAuthentication in jar:file:/data/.versions/hive-1.1.0-cdh5.4.4/lib/hive-jdbc-1.1.0-cdh5.4.4-standalone.jar!/org/apache/derby/modules.properties
Tue Jan 24 14:37:30 CST 2017 Thread[nioEventLoopGroup-2-2,10,main] Ignored duplicate property derby.env.jdk.rawStore.data.genericJ1 in jar:file:/data/.versions/hive-1.1.0-cdh5.4.4/lib/hive-jdbc-1.1.0-cdh5.4.4-standalone.jar!/org/apache/derby/modules.properties
Tue Jan 24 14:37:30 CST 2017 Thread[nioEventLoopGroup-2-2,10,main] Ignored duplicate property derby.env.classes.JNDIAuthentication in jar:file:/data/.versions/hive-1.1.0-cdh5.4.4/lib/hive-jdbc-1.1.0-cdh5.4.4-standalone.jar!/org/apache/derby/modules.properties
Tue Jan 24 14:37:30 CST 2017 Thread[nioEventLoopGroup-2-2,10,main] Ignored duplicate property derby.module.database in jar:file:/data/.versions/hive-1.1.0-cdh5.4.4/lib/hive-jdbc-1.1.0-cdh5.4.4-standalone.jar!/org/apache/derby/modules.properties
Tue Jan 24 14:37:30 CST 2017 Thread[nioEventLoopGroup-2-2,10,main] Ignored duplicate property derby.module.streams in jar:file:/data/.versions/hive-1.1.0-cdh5.4.4/lib/hive-jdbc-1.1.0-cdh5.4.4-standalone.jar!/org/apache/derby/modules.properties
Tue Jan 24 14:37:30 CST 2017 Thread[nioEventLoopGroup-2-2,10,main] Ignored duplicate property derby.env.classes.dvfJ2 in jar:file:/data/.versions/hive-1.1.0-cdh5.4.4/lib/hive-jdbc-1.1.0-cdh5.4.4-standalone.jar!/org/apache/derby/modules.properties
Tue Jan 24 14:37:30 CST 2017 Thread[nioEventLoopGroup-2-2,10,main] Ignored duplicate property derby.env.jdk.mgmt.jmx in jar:file:/data/.versions/hive-1.1.0-cdh5.4.4/lib/hive-jdbc-1.1.0-cdh5.4.4-standalone.jar!/org/apache/derby/modules.properties
Tue Jan 24 14:37:30 CST 2017 Thread[nioEventLoopGroup-2-2,10,main] Ignored duplicate property derby.module.nativeAuthentication in jar:file:/data/.versions/hive-1.1.0-cdh5.4.4/lib/hive-jdbc-1.1.0-cdh5.4.4-standalone.jar!/org/apache/derby/modules.properties
Tue Jan 24 14:37:30 CST 2017 Thread[nioEventLoopGroup-2-2,10,main] Ignored duplicate property derby.env.jdk.cryptographyJ2 in jar:file:/data/.versions/hive-1.1.0-cdh5.4.4/lib/hive-jdbc-1.1.0-cdh5.4.4-standalone.jar!/org/apache/derby/modules.properties
Tue Jan 24 14:37:30 CST 2017 Thread[nioEventLoopGroup-2-2,10,main] Ignored duplicate property derby.module.access.sort in jar:file:/data/.versions/hive-1.1.0-cdh5.4.4/lib/hive-jdbc-1.1.0-cdh5.4.4-standalone.jar!/org/apache/derby/modules.properties
Tue Jan 24 14:37:30 CST 2017 Thread[nioEventLoopGroup-2-2,10,main] Ignored duplicate property derby.env.classes.jdbcJ8 in jar:file:/data/.versions/hive-1.1.0-cdh5.4.4/lib/hive-jdbc-1.1.0-cdh5.4.4-standalone.jar!/org/apache/derby/modules.properties
Tue Jan 24 14:37:30 CST 2017 Thread[nioEventLoopGroup-2-2,10,main] Ignored duplicate property derby.env.classes.cryptographyJ2 in jar:file:/data/.versions/hive-1.1.0-cdh5.4.4/lib/hive-jdbc-1.1.0-cdh5.4.4-standalone.jar!/org/apache/derby/modules.properties
Tue Jan 24 14:37:30 CST 2017 Thread[nioEventLoopGroup-2-2,10,main] Ignored duplicate property derby.env.classes.jdbcJ6 in jar:file:/data/.versions/hive-1.1.0-cdh5.4.4/lib/hive-jdbc-1.1.0-cdh5.4.4-standalone.jar!/org/apache/derby/modules.properties
Tue Jan 24 14:37:30 CST 2017 Thread[nioEventLoopGroup-2-2,10,main] Ignored duplicate property derby.env.classes.rawStore.data.genericJ4 in jar:file:/data/.versions/hive-1.1.0-cdh5.4.4/lib/hive-jdbc-1.1.0-cdh5.4.4-standalone.jar!/org/apache/derby/modules.properties
Tue Jan 24 14:37:30 CST 2017 Thread[nioEventLoopGroup-2-2,10,main] Ignored duplicate property derby.env.jdk.jdbcJ8 in jar:file:/data/.versions/hive-1.1.0-cdh5.4.4/lib/hive-jdbc-1.1.0-cdh5.4.4-standalone.jar!/org/apache/derby/modules.properties
Tue Jan 24 14:37:30 CST 2017 Thread[nioEventLoopGroup-2-2,10,main] Ignored duplicate property derby.env.jdk.lockManagerJ6 in jar:file:/data/.versions/hive-1.1.0-cdh5.4.4/lib/hive-jdbc-1.1.0-cdh5.4.4-standalone.jar!/org/apache/derby/modules.properties
Tue Jan 24 14:37:30 CST 2017 Thread[nioEventLoopGroup-2-2,10,main] Ignored duplicate property derby.module.cryptographyJ2 in jar:file:/data/.versions/hive-1.1.0-cdh5.4.4/lib/hive-jdbc-1.1.0-cdh5.4.4-standalone.jar!/org/apache/derby/modules.properties
Tue Jan 24 14:37:30 CST 2017 Thread[nioEventLoopGroup-2-2,10,main] Ignored duplicate property derby.env.jdk.jdbcJ6 in jar:file:/data/.versions/hive-1.1.0-cdh5.4.4/lib/hive-jdbc-1.1.0-cdh5.4.4-standalone.jar!/org/apache/derby/modules.properties
Tue Jan 24 14:37:30 CST 2017 Thread[nioEventLoopGroup-2-2,10,main] Ignored duplicate property derby.module.specificAuthentication in jar:file:/data/.versions/hive-1.1.0-cdh5.4.4/lib/hive-jdbc-1.1.0-cdh5.4.4-standalone.jar!/org/apache/derby/modules.properties
Tue Jan 24 14:37:30 CST 2017 Thread[nioEventLoopGroup-2-2,10,main] Ignored duplicate property derby.module.mgmt.jmx in jar:file:/data/.versions/hive-1.1.0-cdh5.4.4/lib/hive-jdbc-1.1.0-cdh5.4.4-standalone.jar!/org/apache/derby/modules.properties
Tue Jan 24 14:37:30 CST 2017 Thread[nioEventLoopGroup-2-2,10,main] Ignored duplicate property derby.module.netServer.autoStart in jar:file:/data/.versions/hive-1.1.0-cdh5.4.4/lib/hive-jdbc-1.1.0-cdh5.4.4-standalone.jar!/org/apache/derby/modules.properties
Tue Jan 24 14:37:30 CST 2017 Thread[nioEventLoopGroup-2-2,10,main] Ignored duplicate property derby.module.access.uniquewithduplicatenullssort in jar:file:/data/.versions/hive-1.1.0-cdh5.4.4/lib/hive-jdbc-1.1.0-cdh5.4.4-standalone.jar!/org/apache/derby/modules.properties
Tue Jan 24 14:37:30 CST 2017 Thread[nioEventLoopGroup-2-2,10,main] Ignored duplicate property derby.module.classManagerJ2 in jar:file:/data/.versions/hive-1.1.0-cdh5.4.4/lib/hive-jdbc-1.1.0-cdh5.4.4-standalone.jar!/org/apache/derby/modules.properties
Tue Jan 24 14:37:30 CST 2017 Thread[nioEventLoopGroup-2-2,10,main] Ignored duplicate property derby.module.JNDIAuthentication in jar:file:/data/.versions/hive-1.1.0-cdh5.4.4/lib/hive-jdbc-1.1.0-cdh5.4.4-standalone.jar!/org/apache/derby/modules.properties
Tue Jan 24 14:37:30 CST 2017 Thread[nioEventLoopGroup-2-2,10,main] Ignored duplicate property derby.module.rawStore.log in jar:file:/data/.versions/hive-1.1.0-cdh5.4.4/lib/hive-jdbc-1.1.0-cdh5.4.4-standalone.jar!/org/apache/derby/modules.properties
Tue Jan 24 14:37:30 CST 2017 Thread[nioEventLoopGroup-2-2,10,main] Ignored duplicate property derby.module.access.heap in jar:file:/data/.versions/hive-1.1.0-cdh5.4.4/lib/hive-jdbc-1.1.0-cdh5.4.4-standalone.jar!/org/apache/derby/modules.properties
Tue Jan 24 14:37:30 CST 2017 Thread[nioEventLoopGroup-2-2,10,main] Ignored duplicate property derby.module.database.slave in jar:file:/data/.versions/hive-1.1.0-cdh5.4.4/lib/hive-jdbc-1.1.0-cdh5.4.4-standalone.jar!/org/apache/derby/modules.properties
Tue Jan 24 14:37:30 CST 2017 Thread[nioEventLoopGroup-2-2,10,main] Ignored duplicate property derby.env.jdk.resourceAdapterJ2 in jar:file:/data/.versions/hive-1.1.0-cdh5.4.4/lib/hive-jdbc-1.1.0-cdh5.4.4-standalone.jar!/org/apache/derby/modules.properties
Tue Jan 24 14:37:30 CST 2017 Thread[nioEventLoopGroup-2-2,10,main] Ignored duplicate property derby.module.mgmt.null in jar:file:/data/.versions/hive-1.1.0-cdh5.4.4/lib/hive-jdbc-1.1.0-cdh5.4.4-standalone.jar!/org/apache/derby/modules.properties
Tue Jan 24 14:37:30 CST 2017 Thread[nioEventLoopGroup-2-2,10,main] Ignored duplicate property derby.env.classes.resourceAdapterJ2 in jar:file:/data/.versions/hive-1.1.0-cdh5.4.4/lib/hive-jdbc-1.1.0-cdh5.4.4-standalone.jar!/org/apache/derby/modules.properties
Tue Jan 24 14:37:30 CST 2017 Thread[nioEventLoopGroup-2-2,10,main] Ignored duplicate property derby.module.access in jar:file:/data/.versions/hive-1.1.0-cdh5.4.4/lib/hive-jdbc-1.1.0-cdh5.4.4-standalone.jar!/org/apache/derby/modules.properties
Tue Jan 24 14:37:30 CST 2017 Thread[nioEventLoopGroup-2-2,10,main] Ignored duplicate property derby.module.replication.slave in jar:file:/data/.versions/hive-1.1.0-cdh5.4.4/lib/hive-jdbc-1.1.0-cdh5.4.4-standalone.jar!/org/apache/derby/modules.properties
Tue Jan 24 14:37:30 CST 2017 Thread[nioEventLoopGroup-2-2,10,main] Ignored duplicate property derby.module.lf in jar:file:/data/.versions/hive-1.1.0-cdh5.4.4/lib/hive-jdbc-1.1.0-cdh5.4.4-standalone.jar!/org/apache/derby/modules.properties
Tue Jan 24 14:37:30 CST 2017 Thread[nioEventLoopGroup-2-2,10,main] Ignored duplicate property derby.module.uuidJ1 in jar:file:/data/.versions/hive-1.1.0-cdh5.4.4/lib/hive-jdbc-1.1.0-cdh5.4.4-standalone.jar!/org/apache/derby/modules.properties
Tue Jan 24 14:37:30 CST 2017 Thread[nioEventLoopGroup-2-2,10,main] Ignored duplicate property derby.module.access.btree in jar:file:/data/.versions/hive-1.1.0-cdh5.4.4/lib/hive-jdbc-1.1.0-cdh5.4.4-standalone.jar!/org/apache/derby/modules.properties
Tue Jan 24 14:37:30 CST 2017 Thread[nioEventLoopGroup-2-2,10,main] Ignored duplicate property derby.module.rawStore in jar:file:/data/.versions/hive-1.1.0-cdh5.4.4/lib/hive-jdbc-1.1.0-cdh5.4.4-standalone.jar!/org/apache/derby/modules.properties
Tue Jan 24 14:37:30 CST 2017 Thread[nioEventLoopGroup-2-2,10,main] Ignored duplicate property derby.module.replication.master in jar:file:/data/.versions/hive-1.1.0-cdh5.4.4/lib/derby-10.11.1.1.jar!/org/apache/derby/modules.properties
Tue Jan 24 14:37:30 CST 2017 Thread[nioEventLoopGroup-2-2,10,main] Ignored duplicate property derby.module.resultSetStatisticsFactory in jar:file:/data/.versions/hive-1.1.0-cdh5.4.4/lib/derby-10.11.1.1.jar!/org/apache/derby/modules.properties
Tue Jan 24 14:37:30 CST 2017 Thread[nioEventLoopGroup-2-2,10,main] Ignored duplicate property derby.module.NoneAuthentication in jar:file:/data/.versions/hive-1.1.0-cdh5.4.4/lib/derby-10.11.1.1.jar!/org/apache/derby/modules.properties
Tue Jan 24 14:37:30 CST 2017 Thread[nioEventLoopGroup-2-2,10,main] Ignored duplicate property derby.module.lockManagerJ6 in jar:file:/data/.versions/hive-1.1.0-cdh5.4.4/lib/derby-10.11.1.1.jar!/org/apache/derby/modules.properties
Tue Jan 24 14:37:30 CST 2017 Thread[nioEventLoopGroup-2-2,10,main] Ignored duplicate property derby.module.rawStore.log.readonly in jar:file:/data/.versions/hive-1.1.0-cdh5.4.4/lib/derby-10.11.1.1.jar!/org/apache/derby/modules.properties
Tue Jan 24 14:37:30 CST 2017 Thread[nioEventLoopGroup-2-2,10,main] Ignored duplicate property derby.module.jdbcJ8 in jar:file:/data/.versions/hive-1.1.0-cdh5.4.4/lib/derby-10.11.1.1.jar!/org/apache/derby/modules.properties
Tue Jan 24 14:37:30 CST 2017 Thread[nioEventLoopGroup-2-2,10,main] Ignored duplicate property derby.module.resourceAdapterJ2 in jar:file:/data/.versions/hive-1.1.0-cdh5.4.4/lib/derby-10.11.1.1.jar!/org/apache/derby/modules.properties
Tue Jan 24 14:37:30 CST 2017 Thread[nioEventLoopGroup-2-2,10,main] Ignored duplicate property derby.module.validation in jar:file:/data/.versions/hive-1.1.0-cdh5.4.4/lib/derby-10.11.1.1.jar!/org/apache/derby/modules.properties
Tue Jan 24 14:37:30 CST 2017 Thread[nioEventLoopGroup-2-2,10,main] Ignored duplicate property derby.module.jdbcJ6 in jar:file:/data/.versions/hive-1.1.0-cdh5.4.4/lib/derby-10.11.1.1.jar!/org/apache/derby/modules.properties
Tue Jan 24 14:37:30 CST 2017 Thread[nioEventLoopGroup-2-2,10,main] Ignored duplicate property derby.module.lcf in jar:file:/data/.versions/hive-1.1.0-cdh5.4.4/lib/derby-10.11.1.1.jar!/org/apache/derby/modules.properties
Tue Jan 24 14:37:30 CST 2017 Thread[nioEventLoopGroup-2-2,10,main] Ignored duplicate property derby.module.optimizer in jar:file:/data/.versions/hive-1.1.0-cdh5.4.4/lib/derby-10.11.1.1.jar!/org/apache/derby/modules.properties
Tue Jan 24 14:37:30 CST 2017 Thread[nioEventLoopGroup-2-2,10,main] Ignored duplicate property derby.module.XPLAINFactory in jar:file:/data/.versions/hive-1.1.0-cdh5.4.4/lib/derby-10.11.1.1.jar!/org/apache/derby/modules.properties
Tue Jan 24 14:37:30 CST 2017 Thread[nioEventLoopGroup-2-2,10,main] Ignored duplicate property derby.module.javaCompiler in jar:file:/data/.versions/hive-1.1.0-cdh5.4.4/lib/derby-10.11.1.1.jar!/org/apache/derby/modules.properties
Tue Jan 24 14:37:30 CST 2017 Thread[nioEventLoopGroup-2-2,10,main] Ignored duplicate property derby.module.tcf in jar:file:/data/.versions/hive-1.1.0-cdh5.4.4/lib/derby-10.11.1.1.jar!/org/apache/derby/modules.properties
Tue Jan 24 14:37:30 CST 2017 Thread[nioEventLoopGroup-2-2,10,main] Ignored duplicate property derby.module.dataDictionary in jar:file:/data/.versions/hive-1.1.0-cdh5.4.4/lib/derby-10.11.1.1.jar!/org/apache/derby/modules.properties
Tue Jan 24 14:37:30 CST 2017 Thread[nioEventLoopGroup-2-2,10,main] Ignored duplicate property derby.env.jdk.cacheManagerJ6 in jar:file:/data/.versions/hive-1.1.0-cdh5.4.4/lib/derby-10.11.1.1.jar!/org/apache/derby/modules.properties
Tue Jan 24 14:37:30 CST 2017 Thread[nioEventLoopGroup-2-2,10,main] Ignored duplicate property derby.module.ef in jar:file:/data/.versions/hive-1.1.0-cdh5.4.4/lib/derby-10.11.1.1.jar!/org/apache/derby/modules.properties
Tue Jan 24 14:37:30 CST 2017 Thread[nioEventLoopGroup-2-2,10,main] Ignored duplicate property derby.module.dvfJ2 in jar:file:/data/.versions/hive-1.1.0-cdh5.4.4/lib/derby-10.11.1.1.jar!/org/apache/derby/modules.properties
Tue Jan 24 14:37:30 CST 2017 Thread[nioEventLoopGroup-2-2,10,main] Ignored duplicate property derby.env.jdk.dvfJ2 in jar:file:/data/.versions/hive-1.1.0-cdh5.4.4/lib/derby-10.11.1.1.jar!/org/apache/derby/modules.properties
Tue Jan 24 14:37:30 CST 2017 Thread[nioEventLoopGroup-2-2,10,main] Ignored duplicate property derby.module.daemon in jar:file:/data/.versions/hive-1.1.0-cdh5.4.4/lib/derby-10.11.1.1.jar!/org/apache/derby/modules.properties
Tue Jan 24 14:37:30 CST 2017 Thread[nioEventLoopGroup-2-2,10,main] Ignored duplicate property derby.module.cacheManagerJ6 in jar:file:/data/.versions/hive-1.1.0-cdh5.4.4/lib/derby-10.11.1.1.jar!/org/apache/derby/modules.properties
Tue Jan 24 14:37:30 CST 2017 Thread[nioEventLoopGroup-2-2,10,main] Ignored duplicate property derby.module.rawStore.data.genericJ4 in jar:file:/data/.versions/hive-1.1.0-cdh5.4.4/lib/derby-10.11.1.1.jar!/org/apache/derby/modules.properties
Tue Jan 24 14:37:30 CST 2017 Thread[nioEventLoopGroup-2-2,10,main] Ignored duplicate property derby.module.timerJ1 in jar:file:/data/.versions/hive-1.1.0-cdh5.4.4/lib/derby-10.11.1.1.jar!/org/apache/derby/modules.properties
Tue Jan 24 14:37:30 CST 2017 Thread[nioEventLoopGroup-2-2,10,main] Ignored duplicate property derby.env.jdk.rawStore.data.genericJ4 in jar:file:/data/.versions/hive-1.1.0-cdh5.4.4/lib/derby-10.11.1.1.jar!/org/apache/derby/modules.properties
Tue Jan 24 14:37:30 CST 2017 Thread[nioEventLoopGroup-2-2,10,main] Ignored duplicate property derby.module.rawStore.data.genericJ1 in jar:file:/data/.versions/hive-1.1.0-cdh5.4.4/lib/derby-10.11.1.1.jar!/org/apache/derby/modules.properties
Tue Jan 24 14:37:30 CST 2017 Thread[nioEventLoopGroup-2-2,10,main] Ignored duplicate property derby.module.basicAuthentication in jar:file:/data/.versions/hive-1.1.0-cdh5.4.4/lib/derby-10.11.1.1.jar!/org/apache/derby/modules.properties
Tue Jan 24 14:37:30 CST 2017 Thread[nioEventLoopGroup-2-2,10,main] Ignored duplicate property derby.env.jdk.rawStore.data.genericJ1 in jar:file:/data/.versions/hive-1.1.0-cdh5.4.4/lib/derby-10.11.1.1.jar!/org/apache/derby/modules.properties
Tue Jan 24 14:37:30 CST 2017 Thread[nioEventLoopGroup-2-2,10,main] Ignored duplicate property derby.env.classes.JNDIAuthentication in jar:file:/data/.versions/hive-1.1.0-cdh5.4.4/lib/derby-10.11.1.1.jar!/org/apache/derby/modules.properties
Tue Jan 24 14:37:30 CST 2017 Thread[nioEventLoopGroup-2-2,10,main] Ignored duplicate property derby.module.database in jar:file:/data/.versions/hive-1.1.0-cdh5.4.4/lib/derby-10.11.1.1.jar!/org/apache/derby/modules.properties
Tue Jan 24 14:37:30 CST 2017 Thread[nioEventLoopGroup-2-2,10,main] Ignored duplicate property derby.module.rawStore.transaction in jar:file:/data/.versions/hive-1.1.0-cdh5.4.4/lib/derby-10.11.1.1.jar!/org/apache/derby/modules.properties
Tue Jan 24 14:37:30 CST 2017 Thread[nioEventLoopGroup-2-2,10,main] Ignored duplicate property derby.module.streams in jar:file:/data/.versions/hive-1.1.0-cdh5.4.4/lib/derby-10.11.1.1.jar!/org/apache/derby/modules.properties
Tue Jan 24 14:37:30 CST 2017 Thread[nioEventLoopGroup-2-2,10,main] Ignored duplicate property derby.env.classes.dvfJ2 in jar:file:/data/.versions/hive-1.1.0-cdh5.4.4/lib/derby-10.11.1.1.jar!/org/apache/derby/modules.properties
Tue Jan 24 14:37:30 CST 2017 Thread[nioEventLoopGroup-2-2,10,main] Ignored duplicate property derby.env.jdk.mgmt.jmx in jar:file:/data/.versions/hive-1.1.0-cdh5.4.4/lib/derby-10.11.1.1.jar!/org/apache/derby/modules.properties
Tue Jan 24 14:37:30 CST 2017 Thread[nioEventLoopGroup-2-2,10,main] Ignored duplicate property derby.module.nativeAuthentication in jar:file:/data/.versions/hive-1.1.0-cdh5.4.4/lib/derby-10.11.1.1.jar!/org/apache/derby/modules.properties
Tue Jan 24 14:37:30 CST 2017 Thread[nioEventLoopGroup-2-2,10,main] Ignored duplicate property derby.env.jdk.cryptographyJ2 in jar:file:/data/.versions/hive-1.1.0-cdh5.4.4/lib/derby-10.11.1.1.jar!/org/apache/derby/modules.properties
Tue Jan 24 14:37:30 CST 2017 Thread[nioEventLoopGroup-2-2,10,main] Ignored duplicate property derby.module.access.sort in jar:file:/data/.versions/hive-1.1.0-cdh5.4.4/lib/derby-10.11.1.1.jar!/org/apache/derby/modules.properties
Tue Jan 24 14:37:30 CST 2017 Thread[nioEventLoopGroup-2-2,10,main] Ignored duplicate property derby.env.classes.jdbcJ8 in jar:file:/data/.versions/hive-1.1.0-cdh5.4.4/lib/derby-10.11.1.1.jar!/org/apache/derby/modules.properties
Tue Jan 24 14:37:30 CST 2017 Thread[nioEventLoopGroup-2-2,10,main] Ignored duplicate property derby.env.classes.cryptographyJ2 in jar:file:/data/.versions/hive-1.1.0-cdh5.4.4/lib/derby-10.11.1.1.jar!/org/apache/derby/modules.properties
Tue Jan 24 14:37:30 CST 2017 Thread[nioEventLoopGroup-2-2,10,main] Ignored duplicate property derby.env.classes.jdbcJ6 in jar:file:/data/.versions/hive-1.1.0-cdh5.4.4/lib/derby-10.11.1.1.jar!/org/apache/derby/modules.properties
Tue Jan 24 14:37:30 CST 2017 Thread[nioEventLoopGroup-2-2,10,main] Ignored duplicate property derby.env.classes.rawStore.data.genericJ4 in jar:file:/data/.versions/hive-1.1.0-cdh5.4.4/lib/derby-10.11.1.1.jar!/org/apache/derby/modules.properties
Tue Jan 24 14:37:30 CST 2017 Thread[nioEventLoopGroup-2-2,10,main] Ignored duplicate property derby.env.jdk.jdbcJ8 in jar:file:/data/.versions/hive-1.1.0-cdh5.4.4/lib/derby-10.11.1.1.jar!/org/apache/derby/modules.properties
Tue Jan 24 14:37:30 CST 2017 Thread[nioEventLoopGroup-2-2,10,main] Ignored duplicate property derby.env.jdk.lockManagerJ6 in jar:file:/data/.versions/hive-1.1.0-cdh5.4.4/lib/derby-10.11.1.1.jar!/org/apache/derby/modules.properties
Tue Jan 24 14:37:30 CST 2017 Thread[nioEventLoopGroup-2-2,10,main] Ignored duplicate property derby.module.cryptographyJ2 in jar:file:/data/.versions/hive-1.1.0-cdh5.4.4/lib/derby-10.11.1.1.jar!/org/apache/derby/modules.properties
Tue Jan 24 14:37:30 CST 2017 Thread[nioEventLoopGroup-2-2,10,main] Ignored duplicate property derby.env.jdk.jdbcJ6 in jar:file:/data/.versions/hive-1.1.0-cdh5.4.4/lib/derby-10.11.1.1.jar!/org/apache/derby/modules.properties
Tue Jan 24 14:37:30 CST 2017 Thread[nioEventLoopGroup-2-2,10,main] Ignored duplicate property derby.module.specificAuthentication in jar:file:/data/.versions/hive-1.1.0-cdh5.4.4/lib/derby-10.11.1.1.jar!/org/apache/derby/modules.properties
Tue Jan 24 14:37:30 CST 2017 Thread[nioEventLoopGroup-2-2,10,main] Ignored duplicate property derby.module.mgmt.jmx in jar:file:/data/.versions/hive-1.1.0-cdh5.4.4/lib/derby-10.11.1.1.jar!/org/apache/derby/modules.properties
Tue Jan 24 14:37:30 CST 2017 Thread[nioEventLoopGroup-2-2,10,main] Ignored duplicate property derby.module.netServer.autoStart in jar:file:/data/.versions/hive-1.1.0-cdh5.4.4/lib/derby-10.11.1.1.jar!/org/apache/derby/modules.properties
Tue Jan 24 14:37:30 CST 2017 Thread[nioEventLoopGroup-2-2,10,main] Ignored duplicate property derby.module.access.uniquewithduplicatenullssort in jar:file:/data/.versions/hive-1.1.0-cdh5.4.4/lib/derby-10.11.1.1.jar!/org/apache/derby/modules.properties
Tue Jan 24 14:37:30 CST 2017 Thread[nioEventLoopGroup-2-2,10,main] Ignored duplicate property derby.module.classManagerJ2 in jar:file:/data/.versions/hive-1.1.0-cdh5.4.4/lib/derby-10.11.1.1.jar!/org/apache/derby/modules.properties
Tue Jan 24 14:37:30 CST 2017 Thread[nioEventLoopGroup-2-2,10,main] Ignored duplicate property derby.module.JNDIAuthentication in jar:file:/data/.versions/hive-1.1.0-cdh5.4.4/lib/derby-10.11.1.1.jar!/org/apache/derby/modules.properties
Tue Jan 24 14:37:30 CST 2017 Thread[nioEventLoopGroup-2-2,10,main] Ignored duplicate property derby.module.rawStore.log in jar:file:/data/.versions/hive-1.1.0-cdh5.4.4/lib/derby-10.11.1.1.jar!/org/apache/derby/modules.properties
Tue Jan 24 14:37:30 CST 2017 Thread[nioEventLoopGroup-2-2,10,main] Ignored duplicate property derby.module.access.heap in jar:file:/data/.versions/hive-1.1.0-cdh5.4.4/lib/derby-10.11.1.1.jar!/org/apache/derby/modules.properties
Tue Jan 24 14:37:30 CST 2017 Thread[nioEventLoopGroup-2-2,10,main] Ignored duplicate property derby.module.database.slave in jar:file:/data/.versions/hive-1.1.0-cdh5.4.4/lib/derby-10.11.1.1.jar!/org/apache/derby/modules.properties
Tue Jan 24 14:37:30 CST 2017 Thread[nioEventLoopGroup-2-2,10,main] Ignored duplicate property derby.env.jdk.resourceAdapterJ2 in jar:file:/data/.versions/hive-1.1.0-cdh5.4.4/lib/derby-10.11.1.1.jar!/org/apache/derby/modules.properties
Tue Jan 24 14:37:30 CST 2017 Thread[nioEventLoopGroup-2-2,10,main] Ignored duplicate property derby.module.mgmt.null in jar:file:/data/.versions/hive-1.1.0-cdh5.4.4/lib/derby-10.11.1.1.jar!/org/apache/derby/modules.properties
Tue Jan 24 14:37:30 CST 2017 Thread[nioEventLoopGroup-2-2,10,main] Ignored duplicate property derby.env.classes.resourceAdapterJ2 in jar:file:/data/.versions/hive-1.1.0-cdh5.4.4/lib/derby-10.11.1.1.jar!/org/apache/derby/modules.properties
Tue Jan 24 14:37:30 CST 2017 Thread[nioEventLoopGroup-2-2,10,main] Ignored duplicate property derby.module.access in jar:file:/data/.versions/hive-1.1.0-cdh5.4.4/lib/derby-10.11.1.1.jar!/org/apache/derby/modules.properties
Tue Jan 24 14:37:30 CST 2017 Thread[nioEventLoopGroup-2-2,10,main] Ignored duplicate property derby.module.replication.slave in jar:file:/data/.versions/hive-1.1.0-cdh5.4.4/lib/derby-10.11.1.1.jar!/org/apache/derby/modules.properties
Tue Jan 24 14:37:30 CST 2017 Thread[nioEventLoopGroup-2-2,10,main] Ignored duplicate property derby.module.lf in jar:file:/data/.versions/hive-1.1.0-cdh5.4.4/lib/derby-10.11.1.1.jar!/org/apache/derby/modules.properties
Tue Jan 24 14:37:30 CST 2017 Thread[nioEventLoopGroup-2-2,10,main] Ignored duplicate property derby.module.uuidJ1 in jar:file:/data/.versions/hive-1.1.0-cdh5.4.4/lib/derby-10.11.1.1.jar!/org/apache/derby/modules.properties
Tue Jan 24 14:37:30 CST 2017 Thread[nioEventLoopGroup-2-2,10,main] Ignored duplicate property derby.module.access.btree in jar:file:/data/.versions/hive-1.1.0-cdh5.4.4/lib/derby-10.11.1.1.jar!/org/apache/derby/modules.properties
Tue Jan 24 14:37:30 CST 2017 Thread[nioEventLoopGroup-2-2,10,main] Ignored duplicate property derby.module.rawStore in jar:file:/data/.versions/hive-1.1.0-cdh5.4.4/lib/derby-10.11.1.1.jar!/org/apache/derby/modules.properties
Tue Jan 24 14:37:30 CST 2017 Thread[nioEventLoopGroup-2-2,10,main]                                                                                                                                                                                                                                                                                                                                                                                                                                                                                                                                                                                                                                                                                                                                                                                                                                                                                                                                                                                                                                                                                                                                                                                                                                                                                                                                                                                                                                                                                                                                                                                                                                                                                                                                                                                                                                                                                                                                                                                                                                                                                                                                                                                                                                                                                                                                                                                                                                                                                                                                                                                                                                                                                                                                                                                                                                                                                                                                                                                                                                                                                                                                                                                                                                                                                                                                                                                                                                                                                                                                                                                                                                                                                                                                                                                                                                                                                                                                                                                                                                                                                                                                                                                                                                                                                                                                                                                                                                                                                                                                                                                                                                                                                                                                                                                                                                                                                                                                                                                                                                                                                                                                                                                                                                                                                                                                                                                                                                                                                                                                                                                                                                                                                                                                                                                                                                                                                                                                                                                                                                                                                                                                                                                                                                                                                                                                                                                                                                                                                                                                                                                                                                                                                                                                                                                                                                                                                                                                                                                                                                                                                                                                                                                                                                                                                                                                                                                                                                                                                                                                                                                                                                                                                                                                                                                                                                                                                                                                                                                                                                                                                                                                                                                                                                                                                                                                                                                                                                                                                                                                                                                                                                                                                                                                                                                                                                                                                                                                                                                                                                                                                                                                                                                                                                                                                                                                                                                                                                                                                                                                                                                                                                                                                                                                                                                                                                                                                                                                                                                                                                                                                                                                                                                                                                                                                                                                                                                                                                                                                                                                                                                                                                                                                                                                                                                                                                                                                                                                                                                                                                                                                                                                                                                                                                                                                                                                                                                                                                                                                                                                                                                                                                                                                                                                                                                                                                                                                                                                                                                                                                                                                                                                                                                                                                                                                                                                                                                                                                                                                                                                                                                                                                                                                                                                                                                                                                                                                                                                                                                                                                                                                                                                                                                                                                                                                                                                                                                                                                                                                                                                                                                                                                                                                                                                                                                                                                                                                                                                                                                                                                                                                                                                                                                                                                                                                                                                                                                                                                                                                                                                                                                                                                                                                                                                                                                                                                                                                                                                                                                                                                                                                                                                                                                                                                                                                                                                                                                                                                                                                                                                                                                                                                                                                                                                                                                                                                                                                                                                                                                                                                                                                                                                                                                                                                                                                                                                                                                                                                                                                                                                                                                                                                                                                                                                                                                                                                                                                                                                                                                                                                                                                                                                                                                                                                                                                                                                                                                                                                                                                                                                                                                                                                                                                                                                                                                                                                                                                                                                                                                                                                                                                                                                                                                                                                                                                                                                                                                                                                                                                                                                                                                                                                                                                                                                                                                                                                                                                                                                                                                                                                                                                                                                                                                                                                                                                                                                                                                                                                                                                                                                                                                                                                                                                                                                                                                                                                                                                                                                                                                                                                                                                                                                                                                                                                                                                                                                                                                                                                                                                                                                                                                                                                                                                                                                                                                                                                                                                                                                                                                                                                                                                                                                                                                                                                                                                                                                                                                                                                                                                                                                                                                                                                                                                                                                                                                                                                                                                                                                                                                                                                                                                                                                                                                                                                                                                                                                                                                                                                                                                                                                                                                                                                                                                                                                                                                                                                                                                                                                                                                                                                                                                                                                                                                                                                                                                                                                                                                                                                                                                                                                                                                                                                                                                                                                                                                                                                                                                                                                                                                                                                                                                                                                                                                                                                                                                                                                                                                                                                                                                                                                                                                                                                                                                                                                                                                                                                                                                                                                                                                                                                                                                                                                                                                                                                                                                                                                                                                                                                                                                                                                                                                                                                                                                                                                                                                                                                                                                                                                                                                                                                                                                                                                                                                                                                                                                                                                                                                                                                                                                                                                                                                                                                                                                                                                                                                                                                                                                                                                                                                                                                                                                                                                                                                                                                                                                                                                                                                                                                                                                                                                                                                                                                                                                                                                                                                                                                                                                                                                                                                                                                                                                                                                                                                                                                                                                                                                                                                                                                                                                                                                                                                                                                                                                                                                                                                                                                                                                                                                                                                                                                                                                                                                                                                                                                                                                                                                                                                                                                                                                                                                                                                                                                                                                                                                                                                                                                                                                                                                                                                                                                                                                                                                                                                                                                                                                                                                                                                                                                                                                                                                                                                                                                                                                                                                                                                                                                                                                                                                                                                                                                                                                                                                                                                                                                                                    
----------------------------------------------------------------
Tue Jan 24 14:37:30 CST 2017:
Booting Derby version The Apache Software Foundation - Apache Derby - 10.10.1.1 - (1458268): instance a816c00e-0159-cf31-9473-00002d2f83b0 
on database directory /tmp/spark-5dce48a0-01b4-4a1e-b017-c87f7fd11895/metastore with class loader sun.misc.Launcher$AppClassLoader@63e68a2b 
Loaded from file:/data/.versions/spark-1.6.0/lib/spark-assembly-1.6.0-hadoop2.6.0-cdh5.4.9.jar
java.vendor=Oracle Corporation
java.runtime.version=1.7.0_60-b19
user.dir=/data/gitware/allinone/clean
os.name=Linux
os.arch=amd64
os.version=2.6.32-431.11.7.el6.ucloud.x86_64
derby.system.home=null
Database Class Loader started - derby.database.classpath=''
