,date,open,close,high,low,volume,code
0,2015-05-14,4.214,4.362,4.431,4.185,14190907.0,000725
1,2015-05-15,4.323,4.195,4.333,4.185,9938046.0,000725
2,2015-05-18,4.155,4.146,4.214,4.106,6835740.0,000725
3,2015-05-19,4.136,4.224,4.244,4.116,7428006.0,000725
4,2015-05-20,4.234,4.234,4.303,4.195,10794274.0,000725
5,2015-05-21,4.244,4.254,4.254,4.185,9255345.0,000725
6,2015-05-22,4.283,4.559,4.628,4.274,22610855.0,000725
7,2015-05-25,4.579,4.648,4.726,4.53,21122092.0,000725
8,2015-05-26,4.677,4.795,4.845,4.539,28371081.0,000725
9,2015-05-27,4.795,4.864,4.904,4.746,26783222.0,000725
10,2015-05-28,4.874,5.081,5.347,4.815,51354665.0,000725
11,2015-05-29,5.13,4.963,5.248,4.795,33842988.0,000725
12,2015-06-01,4.973,5.307,5.357,4.973,28044635.0,000725
13,2015-06-02,5.307,5.317,5.386,5.199,23192690.0,000725
14,2015-06-03,5.347,5.15,5.376,5.042,19945553.0,000725
15,2015-06-04,5.14,5.022,5.14,4.726,20158979.0,000725
16,2015-06-05,5.071,5.051,5.14,4.943,18085135.0,000725
17,2015-06-08,5.061,5.15,5.219,4.933,21567829.0,000725
18,2015-06-09,5.13,5.179,5.268,5.081,17762341.0,000725
19,2015-06-10,5.101,5.17,5.268,5.042,16953790.0,000725
20,2015-06-11,5.12,5.111,5.179,5.071,13145073.0,000725
21,2015-06-12,5.111,5.179,5.248,5.091,18524947.0,000725
22,2015-06-15,5.17,5.268,5.367,5.15,24389898.0,000725
23,2015-06-16,5.199,5.022,5.248,4.973,18738469.0,000725
24,2015-06-17,4.992,5.061,5.071,4.825,14204918.0,000725
25,2015-06-19,5.022,5.081,5.554,4.825,28009680.0,000725
26,2015-06-23,5.101,5.219,5.268,4.726,19057549.0,000725
27,2015-06-24,5.219,5.652,5.731,5.14,38471748.0,000725
28,2015-06-25,5.563,5.376,5.652,5.239,28658110.0,000725
29,2015-06-26,5.219,4.894,5.268,4.835,23674814.0,000725
30,2015-06-29,5.101,4.736,5.101,4.411,22818546.0,000725
31,2015-06-30,4.805,5.111,5.12,4.608,22425858.0,000725
32,2015-07-01,5.101,4.845,5.189,4.815,18343235.0,000725
33,2015-07-02,4.923,4.441,4.963,4.382,18537125.0,000725
34,2015-07-03,4.234,3.998,4.421,3.998,18616453.0,000725
35,2015-07-06,4.392,3.978,4.392,3.742,19938945.0,000725
36,2015-07-07,3.88,3.584,3.88,3.584,20789894.0,000725
37,2015-07-13,3.939,3.939,3.939,3.939,1674296.0,000725
38,2015-07-14,4.333,4.333,4.333,4.333,2443864.0,000725
39,2015-07-15,4.677,3.958,4.677,3.939,20725290.0,000725
40,2015-07-16,3.939,4.027,4.136,3.762,12367056.0,000725
41,2015-07-17,4.047,4.254,4.333,4.037,14418724.0,000725
42,2015-07-20,4.264,4.234,4.342,4.165,13036186.0,000725
43,2015-07-21,4.136,4.195,4.274,4.096,8776773.0,000725
44,2015-07-22,4.175,4.146,4.214,4.067,9083703.0,000725
45,2015-07-23,4.136,4.254,4.283,4.096,12792734.0,000725
46,2015-07-24,4.224,4.136,4.254,4.106,13009620.0,000725
47,2015-07-27,4.027,3.722,4.086,3.722,12781184.0,000725
48,2015-07-28,3.525,3.633,3.742,3.417,11863087.0,000725
49,2015-07-29,3.663,3.83,3.83,3.614,8179036.0,000725
50,2015-07-30,3.781,3.653,3.83,3.633,7932846.0,000725
51,2015-07-31,3.574,3.643,3.702,3.545,6590845.0,000725
52,2015-08-03,3.594,3.584,3.624,3.437,6535774.0,000725
53,2015-08-04,3.574,3.752,3.791,3.574,7450327.0,000725
54,2015-08-05,3.732,3.633,3.742,3.624,5821274.0,000725
55,2015-08-06,3.565,3.584,3.633,3.555,3971998.0,000725
56,2015-08-07,3.614,3.712,3.732,3.614,6877432.0,000725
57,2015-08-10,3.712,3.85,3.89,3.712,10457799.0,000725
58,2015-08-11,3.85,3.89,3.958,3.801,11813993.0,000725
59,2015-08-12,3.821,3.801,3.919,3.791,7883760.0,000725
60,2015-08-13,3.791,3.899,3.919,3.771,7981403.0,000725
61,2015-08-14,3.899,3.899,3.968,3.88,8865901.0,000725
62,2015-08-17,3.88,4.077,4.086,3.83,13799032.0,000725
63,2015-08-18,4.077,3.732,4.086,3.673,13054868.0,000725
64,2015-08-19,3.643,3.87,3.909,3.555,10058581.0,000725
65,2015-08-20,4.018,3.811,4.037,3.791,10300637.0,000725
66,2015-08-21,3.722,3.604,3.781,3.574,8583431.0,000725
67,2015-08-24,3.466,3.24,3.505,3.24,9152356.0,000725
68,2015-08-25,2.934,2.915,3.072,2.915,7841370.0,000725
69,2015-08-26,2.954,2.846,3.043,2.757,9807279.0,000725
70,2015-08-27,2.915,2.974,2.974,2.806,7396387.0,000725
71,2015-08-28,3.003,3.141,3.161,2.974,9591437.0,000725
72,2015-08-31,3.102,3.023,3.102,2.974,6993556.0,000725
73,2015-09-01,3.013,3.112,3.151,2.836,10882800.0,000725
74,2015-09-02,2.964,3.092,3.112,2.934,7808513.0,000725
75,2015-09-07,3.092,3.082,3.22,3.062,5427419.0,000725
76,2015-09-08,3.053,3.121,3.131,2.974,5075712.0,000725
77,2015-09-09,3.141,3.19,3.21,3.102,8188394.0,000725
78,2015-09-10,3.141,3.092,3.151,3.082,4660535.0,000725
79,2015-09-11,3.102,3.082,3.131,3.053,3262943.0,000725
80,2015-09-14,3.092,2.885,3.112,2.836,6256065.0,000725
81,2015-09-15,2.836,2.757,2.885,2.737,5135288.0,000725
82,2015-09-16,2.777,2.964,3.013,2.737,6489244.0,000725
83,2015-09-17,2.905,2.865,2.974,2.856,5970360.0,000725
84,2015-09-18,2.875,2.875,2.905,2.846,3196913.0,000725
85,2015-09-21,2.856,2.925,2.934,2.826,3474790.0,000725
86,2015-09-22,2.915,2.925,2.954,2.895,4557261.0,000725
87,2015-09-23,2.875,2.846,2.895,2.836,3799631.0,000725
88,2015-09-24,2.865,2.875,2.895,2.856,2375480.0,000725
89,2015-09-25,2.865,2.797,2.885,2.777,3439145.0,000725
90,2015-09-28,2.797,2.816,2.826,2.777,2039674.0,000725
91,2015-09-29,2.777,2.747,2.787,2.708,3556398.0,000725
92,2015-09-30,2.747,2.747,2.767,2.728,2698232.0,000725
93,2015-10-08,2.836,2.836,2.865,2.806,4283140.0,000725
94,2015-10-09,2.836,2.856,2.865,2.816,3677572.0,000725
95,2015-10-12,2.865,2.993,3.033,2.856,8957179.0,000725
96,2015-10-13,2.964,2.964,2.984,2.944,4876811.0,000725
97,2015-10-14,2.954,2.944,3.003,2.934,5030183.0,000725
98,2015-10-15,2.934,3.013,3.013,2.925,6592248.0,000725
99,2015-10-16,3.003,3.013,3.033,2.974,6982082.0,000725
100,2015-10-19,3.023,3.033,3.082,3.003,7215511.0,000725
101,2015-10-20,3.013,3.053,3.053,2.993,5891927.0,000725
102,2015-10-21,3.043,2.895,3.043,2.885,8833468.0,000725
103,2015-10-22,2.885,2.934,2.954,2.875,5882249.0,000725
104,2015-10-23,2.954,3.053,3.082,2.934,10512933.0,000725
105,2015-10-26,3.053,3.033,3.082,3.013,7937301.0,000725
106,2015-10-27,3.013,3.003,3.023,2.925,6609303.0,000725
107,2015-10-28,3.003,2.944,3.003,2.934,4675748.0,000725
108,2015-10-29,2.954,2.954,2.984,2.934,3609174.0,000725
109,2015-10-30,2.954,2.934,2.964,2.915,3408698.0,000725
110,2015-11-02,2.895,2.846,2.925,2.846,5086382.0,000725
111,2015-11-03,2.846,2.846,2.875,2.836,2840320.0,000725
112,2015-11-04,2.856,2.964,2.974,2.856,6152191.0,000725
113,2015-11-05,2.964,3.024,3.083,2.955,12326264.0,000725
114,2015-11-06,3.024,3.073,3.093,3.014,10482649.0,000725
115,2015-11-09,3.053,3.083,3.123,3.043,10134436.0,000725
116,2015-11-10,3.063,3.103,3.123,3.053,8180417.0,000725
117,2015-11-11,3.093,3.113,3.142,3.073,7442871.0,000725
118,2015-11-12,3.123,3.083,3.132,3.043,7219154.0,000725
119,2015-11-13,3.053,3.024,3.063,3.014,4604921.0,000725
120,2015-11-16,2.984,3.034,3.034,2.974,3945154.0,000725
121,2015-11-17,3.043,3.043,3.103,3.034,7507082.0,000725
122,2015-11-18,3.043,3.004,3.053,2.994,4369190.0,000725
123,2015-11-19,3.014,3.113,3.132,3.004,10342414.0,000725
124,2015-11-20,3.142,3.103,3.162,3.083,8039662.0,000725
125,2015-11-23,3.103,3.053,3.113,3.043,5585386.0,000725
126,2015-11-24,3.043,3.053,3.053,3.014,3646864.0,000725
127,2015-11-25,3.043,3.103,3.113,3.024,5617302.0,000725
128,2015-11-26,3.083,3.043,3.103,3.034,5571621.0,000725
129,2015-11-27,3.034,2.895,3.043,2.876,7036640.0,000725
130,2015-11-30,2.905,2.895,2.935,2.826,5296537.0,000725
131,2015-12-01,2.895,2.905,2.935,2.866,3016088.0,000725
132,2015-12-02,2.895,2.974,2.984,2.876,5021441.0,000725
133,2015-12-03,3.073,3.043,3.113,3.034,7641725.0,000725
134,2015-12-04,3.014,2.984,3.024,2.974,4624334.0,000725
135,2015-12-07,2.984,2.994,3.004,2.964,3217866.0,000725
136,2015-12-08,2.974,2.925,2.984,2.915,3685032.0,000725
137,2015-12-09,2.905,2.915,2.935,2.895,2509601.0,000725
138,2015-12-10,2.945,2.925,2.984,2.915,3563144.0,000725
139,2015-12-11,2.905,2.915,2.925,2.885,2960308.0,000725
140,2015-12-14,2.885,2.964,2.964,2.885,3291494.0,000725
141,2015-12-15,2.964,2.935,2.964,2.925,2659055.0,000725
142,2015-12-16,2.945,2.935,2.955,2.915,2387532.0,000725
143,2015-12-17,2.945,3.004,3.004,2.935,5708041.0,000725
144,2015-12-18,2.984,2.955,3.004,2.935,5776773.0,000725
145,2015-12-21,2.935,3.053,3.083,2.935,10432013.0,000725
146,2015-12-22,3.043,3.034,3.053,3.014,5330223.0,000725
147,2015-12-23,3.034,3.004,3.043,2.994,4857076.0,000725
148,2015-12-24,3.004,2.994,3.004,2.964,3517486.0,000725
149,2015-12-25,3.004,2.994,3.014,2.964,2483248.0,000725
150,2015-12-28,2.994,2.945,3.014,2.945,3811607.0,000725
151,2015-12-29,2.945,2.964,2.984,2.935,2626214.0,000725
152,2015-12-30,2.964,2.955,2.974,2.945,2430815.0,000725
153,2015-12-31,2.955,2.935,2.964,2.935,2798494.0,000725
154,2016-01-04,2.935,2.747,2.945,2.737,4144472.0,000725
155,2016-01-05,2.668,2.796,2.826,2.648,6099557.0,000725
156,2016-01-06,2.806,2.915,2.925,2.787,6078989.0,000725
157,2016-01-07,2.885,2.688,2.895,2.668,1884829.0,000725
158,2016-01-08,2.787,2.806,2.846,2.688,5944128.0,000725
159,2016-01-11,2.767,2.717,2.846,2.708,5101857.0,000725
160,2016-01-12,2.737,2.727,2.757,2.688,3233913.0,000725
161,2016-01-13,2.727,2.678,2.767,2.678,3351156.0,000725
162,2016-01-14,2.619,2.708,2.708,2.589,3911491.0,000725
163,2016-01-15,2.678,2.569,2.688,2.549,4732105.0,000725
164,2016-01-18,2.51,2.559,2.599,2.5,3425454.0,000725
165,2016-01-19,2.549,2.619,2.628,2.53,3699386.0,000725
166,2016-01-20,2.599,2.589,2.619,2.559,2961915.0,000725
167,2016-01-21,2.559,2.51,2.599,2.5,2731496.0,000725
168,2016-01-22,2.54,2.53,2.549,2.49,2699823.0,000725
169,2016-01-25,2.549,2.54,2.569,2.53,1963458.0,000725
170,2016-01-26,2.52,2.312,2.53,2.293,4556632.0,000725
171,2016-01-27,2.342,2.273,2.352,2.174,4735148.0,000725
172,2016-01-28,2.243,2.194,2.283,2.184,3152378.0,000725
173,2016-01-29,2.174,2.253,2.283,2.174,3560077.0,000725
174,2016-02-01,2.253,2.223,2.263,2.204,2617452.0,000725
175,2016-02-02,2.223,2.263,2.283,2.213,2478423.0,000725
176,2016-02-03,2.243,2.253,2.263,2.223,2128585.0,000725
177,2016-02-04,2.263,2.283,2.293,2.263,2717604.0,000725
178,2016-02-05,2.273,2.273,2.283,2.263,2002908.0,000725
179,2016-02-15,2.223,2.273,2.283,2.204,2265414.0,000725
180,2016-02-16,2.332,2.5,2.5,2.322,4233280.0,000725
181,2016-02-17,2.609,2.619,2.717,2.559,12831408.0,000725
182,2016-02-18,2.599,2.579,2.658,2.549,7166376.0,000725
183,2016-02-19,2.549,2.559,2.599,2.54,3800319.0,000725
184,2016-02-22,2.589,2.609,2.619,2.569,4342189.0,000725
185,2016-02-23,2.609,2.569,2.619,2.54,3352089.0,000725
186,2016-02-24,2.549,2.579,2.589,2.54,3010507.0,000725
187,2016-02-25,2.569,2.372,2.579,2.332,5550094.0,000725
188,2016-02-26,2.391,2.411,2.441,2.372,3385714.0,000725
189,2016-02-29,2.401,2.332,2.411,2.273,3535600.0,000725
190,2016-03-01,2.352,2.411,2.421,2.332,3194615.0,000725
191,2016-03-02,2.411,2.51,2.52,2.391,5131742.0,000725
192,2016-03-03,2.49,2.49,2.53,2.48,3950836.0,000725
193,2016-03-04,2.48,2.51,2.569,2.47,5838073.0,000725
194,2016-03-07,2.52,2.53,2.559,2.5,2875145.0,000725
195,2016-03-08,2.53,2.52,2.53,2.451,2998349.0,000725
196,2016-03-09,2.47,2.461,2.49,2.451,2003177.0,000725
197,2016-03-10,2.47,2.441,2.49,2.431,1659950.0,000725
198,2016-03-11,2.431,2.421,2.441,2.391,1745206.0,000725
199,2016-03-14,2.441,2.49,2.51,2.441,2973671.0,000725
200,2016-03-15,2.48,2.461,2.49,2.451,1914584.0,000725
201,2016-03-16,2.47,2.451,2.48,2.441,1544048.0,000725
202,2016-03-17,2.461,2.49,2.5,2.451,2878538.0,000725
203,2016-03-18,2.49,2.54,2.549,2.49,4426923.0,000725
204,2016-03-21,2.549,2.569,2.579,2.53,6506414.0,000725
205,2016-03-22,2.549,2.53,2.559,2.53,3250828.0,000725
206,2016-03-23,2.53,2.53,2.54,2.51,2327646.0,000725
207,2016-03-24,2.53,2.49,2.53,2.49,2783270.0,000725
208,2016-03-25,2.48,2.569,2.609,2.48,5644669.0,000725
209,2016-03-28,2.559,2.53,2.579,2.52,3465726.0,000725
210,2016-03-29,2.53,2.49,2.53,2.47,2747694.0,000725
211,2016-03-30,2.5,2.54,2.54,2.49,2586408.0,000725
212,2016-03-31,2.54,2.52,2.549,2.52,2277950.0,000725
213,2016-04-01,2.52,2.53,2.54,2.49,2385795.0,000725
214,2016-04-05,2.53,2.569,2.589,2.51,4255948.0,000725
215,2016-04-06,2.549,2.549,2.559,2.53,2933454.0,000725
216,2016-04-07,2.549,2.52,2.559,2.51,2675283.0,000725
217,2016-04-08,2.5,2.5,2.51,2.48,2112097.0,000725
218,2016-04-11,2.51,2.54,2.549,2.5,2687893.0,000725
219,2016-04-12,2.53,2.51,2.54,2.5,1903257.0,000725
220,2016-04-13,2.52,2.54,2.559,2.51,4242039.0,000725
221,2016-04-14,2.549,2.549,2.559,2.53,2875779.0,000725
222,2016-04-15,2.53,2.52,2.54,2.51,3027015.0,000725
223,2016-04-18,2.51,2.49,2.51,2.48,2101806.0,000725
224,2016-04-19,2.5,2.49,2.51,2.48,1516468.0,000725
225,2016-04-20,2.5,2.401,2.5,2.352,4455639.0,000725
226,2016-04-21,2.391,2.381,2.411,2.381,1918445.0,000725
227,2016-04-22,2.372,2.391,2.391,2.352,1835214.0,000725
228,2016-04-25,2.381,2.421,2.461,2.362,2646525.0,000725
229,2016-04-26,2.411,2.411,2.421,2.391,1330520.0,000725
230,2016-04-27,2.411,2.391,2.411,2.381,1137127.0,000725
231,2016-04-28,2.381,2.372,2.391,2.352,1536327.0,000725
232,2016-04-29,2.362,2.362,2.372,2.352,1031074.0,000725
233,2016-05-03,2.362,2.401,2.411,2.352,2201490.0,000725
234,2016-05-04,2.391,2.421,2.451,2.381,3364916.0,000725
235,2016-05-05,2.411,2.401,2.411,2.381,1849511.0,000725
236,2016-05-06,2.401,2.381,2.451,2.372,3956710.0,000725
237,2016-05-09,2.362,2.302,2.372,2.283,3144311.0,000725
238,2016-05-10,2.302,2.302,2.312,2.283,1451687.0,000725
239,2016-05-11,2.312,2.293,2.312,2.293,1431826.0,000725
240,2016-05-12,2.283,2.283,2.283,2.243,1758250.0,000725
241,2016-05-13,2.263,2.263,2.283,2.253,1153070.0,000725
242,2016-05-16,2.263,2.283,2.283,2.253,1231603.0,000725
243,2016-05-17,2.283,2.273,2.283,2.263,963712.0,000725
244,2016-05-18,2.263,2.263,2.273,2.213,2502627.0,000725
245,2016-05-19,2.243,2.283,2.322,2.243,2435651.0,000725
246,2016-05-20,2.263,2.273,2.273,2.243,1544397.0,000725
247,2016-05-23,2.273,2.283,2.293,2.263,1421110.0,000725
248,2016-05-24,2.283,2.263,2.283,2.253,1368914.0,000725
249,2016-05-25,2.273,2.263,2.283,2.253,1026318.0,000725
250,2016-05-26,2.263,2.273,2.273,2.233,1721059.0,000725
251,2016-05-27,2.263,2.322,2.352,2.253,5337291.0,000725
252,2016-05-30,2.302,2.283,2.322,2.283,2528018.0,000725
253,2016-05-31,2.293,2.342,2.352,2.283,4024738.0,000725
254,2016-06-01,2.342,2.342,2.381,2.332,3018794.0,000725
255,2016-06-02,2.342,2.381,2.391,2.322,3090987.0,000725
256,2016-06-03,2.372,2.352,2.372,2.332,2648208.0,000725
257,2016-06-06,2.352,2.342,2.362,2.332,1485668.0,000725
258,2016-06-07,2.342,2.332,2.352,2.322,1328678.0,000725
259,2016-06-08,2.332,2.322,2.342,2.312,1221501.0,000725
260,2016-06-13,2.312,2.253,2.322,2.253,2136957.0,000725
261,2016-06-14,2.253,2.253,2.263,2.243,1315939.0,000725
262,2016-06-15,2.243,2.293,2.302,2.233,1990402.0,000725
263,2016-06-16,2.283,2.263,2.293,2.253,1381071.0,000725
264,2016-06-17,2.263,2.273,2.293,2.253,1787060.0,000725
265,2016-06-20,2.273,2.293,2.312,2.253,2132845.0,000725
266,2016-06-21,2.302,2.273,2.312,2.263,1844327.0,000725
267,2016-06-22,2.273,2.293,2.293,2.263,1145714.0,000725
268,2016-06-23,2.283,2.263,2.283,2.253,1580314.0,000725
269,2016-06-24,2.263,2.253,2.283,2.233,2381869.0,000725
270,2016-06-27,2.243,2.273,2.273,2.243,1346292.0,000725
271,2016-06-28,2.273,2.292,2.292,2.263,1789579.0,000725
272,2016-06-29,2.283,2.292,2.302,2.283,1914198.0,000725
273,2016-06-30,2.292,2.292,2.302,2.283,1459276.0,000725
274,2016-07-01,2.292,2.292,2.302,2.283,1419383.0,000725
275,2016-07-04,2.283,2.322,2.352,2.283,3918822.0,000725
276,2016-07-05,2.322,2.322,2.342,2.312,2999053.0,000725
277,2016-07-06,2.322,2.322,2.332,2.302,2111369.0,000725
278,2016-07-07,2.332,2.342,2.362,2.322,3294149.0,000725
279,2016-07-08,2.342,2.332,2.352,2.322,1955972.0,000725
280,2016-07-11,2.332,2.372,2.422,2.322,5678917.0,000725
281,2016-07-12,2.372,2.402,2.402,2.352,3213678.0,000725
282,2016-07-13,2.392,2.402,2.412,2.382,2887708.0,000725
283,2016-07-14,2.402,2.392,2.402,2.382,2142951.0,000725
284,2016-07-15,2.402,2.382,2.412,2.372,2594468.0,000725
285,2016-07-18,2.372,2.352,2.382,2.342,1888304.0,000725
286,2016-07-19,2.342,2.352,2.362,2.342,1316023.0,000725
287,2016-07-20,2.352,2.352,2.362,2.342,1062021.0,000725
288,2016-07-21,2.352,2.362,2.372,2.352,1693580.0,000725
289,2016-07-22,2.352,2.342,2.362,2.342,1625996.0,000725
290,2016-07-25,2.342,2.342,2.362,2.332,1313202.0,000725
291,2016-07-26,2.342,2.362,2.362,2.342,1636005.0,000725
292,2016-07-27,2.362,2.332,2.402,2.302,4459490.0,000725
293,2016-07-28,2.322,2.322,2.332,2.302,2623048.0,000725
294,2016-07-29,2.322,2.312,2.322,2.302,1325677.0,000725
295,2016-08-01,2.312,2.302,2.322,2.283,1630366.0,000725
296,2016-08-02,2.302,2.302,2.312,2.292,754352.0,000725
297,2016-08-03,2.302,2.312,2.312,2.292,927341.0,000725
298,2016-08-04,2.302,2.302,2.312,2.292,941136.0,000725
299,2016-08-05,2.302,2.302,2.312,2.292,925151.0,000725
300,2016-08-08,2.302,2.342,2.352,2.302,3075087.0,000725
301,2016-08-09,2.342,2.352,2.362,2.332,2206975.0,000725
302,2016-08-10,2.352,2.352,2.362,2.342,1576922.0,000725
303,2016-08-11,2.352,2.332,2.362,2.332,1593655.0,000725
304,2016-08-12,2.332,2.362,2.372,2.332,2118161.0,000725
305,2016-08-15,2.362,2.402,2.412,2.352,4603403.0,000725
306,2016-08-16,2.392,2.402,2.412,2.382,2585282.0,000725
307,2016-08-17,2.402,2.392,2.402,2.382,1710641.0,000725
308,2016-08-18,2.392,2.392,2.402,2.382,1795425.0,000725
309,2016-08-19,2.392,2.382,2.402,2.372,1529364.0,000725
310,2016-08-22,2.392,2.382,2.392,2.372,1588363.0,000725
311,2016-08-23,2.382,2.412,2.422,2.372,4150377.0,000725
312,2016-08-24,2.402,2.461,2.491,2.402,6835886.0,000725
313,2016-08-25,2.451,2.422,2.451,2.392,4451349.0,000725
314,2016-08-26,2.422,2.431,2.491,2.412,3982696.0,000725
315,2016-08-29,2.431,2.431,2.451,2.412,2271987.0,000725
316,2016-08-30,2.431,2.441,2.451,2.412,2155756.0,000725
317,2016-08-31,2.441,2.422,2.451,2.422,1546828.0,000725
318,2016-09-01,2.422,2.382,2.431,2.382,2329362.0,000725
319,2016-09-02,2.392,2.392,2.402,2.382,1355235.0,000725
320,2016-09-05,2.402,2.402,2.412,2.392,1395827.0,000725
321,2016-09-06,2.402,2.412,2.422,2.382,1649096.0,000725
322,2016-09-07,2.402,2.412,2.422,2.402,1304748.0,000725
323,2016-09-08,2.412,2.402,2.412,2.382,1321790.0,000725
324,2016-09-09,2.392,2.372,2.402,2.372,1694225.0,000725
325,2016-09-12,2.352,2.322,2.362,2.312,2928085.0,000725
326,2016-09-13,2.332,2.322,2.332,2.312,1231690.0,000725
327,2016-09-14,2.312,2.322,2.332,2.312,1806993.0,000725
328,2016-09-19,2.322,2.342,2.342,2.322,1185312.0,000725
329,2016-09-20,2.342,2.362,2.372,2.322,1874691.0,000725
330,2016-09-21,2.352,2.352,2.372,2.342,1349203.0,000725
331,2016-09-22,2.362,2.402,2.422,2.352,4019190.0,000725
332,2016-09-23,2.412,2.392,2.431,2.382,1578617.0,000725
333,2016-09-26,2.382,2.352,2.392,2.342,1789101.0,000725
334,2016-09-27,2.342,2.352,2.362,2.332,1036113.0,000725
335,2016-09-28,2.352,2.352,2.362,2.332,1011603.0,000725
336,2016-09-29,2.342,2.362,2.372,2.342,1317171.0,000725
337,2016-09-30,2.362,2.352,2.362,2.352,948709.0,000725
338,2016-10-10,2.362,2.402,2.402,2.362,2626484.0,000725
339,2016-10-11,2.402,2.461,2.491,2.392,6125390.0,000725
340,2016-10-12,2.451,2.451,2.481,2.441,2632131.0,000725
341,2016-10-13,2.451,2.521,2.551,2.451,7436509.0,000725
342,2016-10-14,2.511,2.531,2.531,2.491,3826528.0,000725
343,2016-10-17,2.531,2.471,2.541,2.451,3928853.0,000725
344,2016-10-18,2.461,2.501,2.501,2.451,2304199.0,000725
345,2016-10-19,2.491,2.501,2.531,2.481,2923837.0,000725
346,2016-10-20,2.511,2.491,2.511,2.471,1413104.0,000725
347,2016-10-21,2.481,2.481,2.501,2.471,1397596.0,000725
348,2016-10-24,2.481,2.511,2.531,2.471,3201932.0,000725
349,2016-10-25,2.511,2.501,2.521,2.491,1920104.0,000725
350,2016-10-26,2.501,2.501,2.511,2.481,1564094.0,000725
351,2016-10-27,2.491,2.471,2.491,2.461,1839757.0,000725
352,2016-10-28,2.471,2.451,2.491,2.451,1758302.0,000725
353,2016-10-31,2.451,2.451,2.461,2.441,1662640.0,000725
354,2016-11-01,2.451,2.461,2.481,2.441,1470883.0,000725
355,2016-11-02,2.461,2.511,2.541,2.451,4509812.0,000725
356,2016-11-03,2.491,2.511,2.521,2.481,3159195.0,000725
357,2016-11-04,2.501,2.501,2.541,2.491,2854104.0,000725
358,2016-11-07,2.511,2.65,2.749,2.491,12422916.0,000725
359,2016-11-08,2.64,2.65,2.699,2.63,5488259.0,000725
360,2016-11-09,2.65,2.749,2.779,2.64,10507569.0,000725
361,2016-11-10,2.759,2.749,2.789,2.709,4727315.0,000725
362,2016-11-11,2.749,2.719,2.769,2.709,3951178.0,000725
363,2016-11-14,2.719,2.709,2.739,2.689,4488881.0,000725
364,2016-11-15,2.709,2.709,2.729,2.689,2280562.0,000725
365,2016-11-16,2.709,2.749,2.818,2.709,5948772.0,000725
366,2016-11-17,2.749,2.729,2.749,2.699,2531647.0,000725
367,2016-11-18,2.719,2.689,2.729,2.68,2147424.0,000725
368,2016-11-21,2.689,2.719,2.739,2.68,2459957.0,000725
369,2016-11-22,2.719,2.769,2.779,2.709,4169587.0,000725
370,2016-11-23,2.769,2.729,2.769,2.719,3046426.0,000725
371,2016-11-24,2.719,2.699,2.729,2.689,2857503.0,000725
372,2016-11-25,2.699,2.759,2.769,2.689,3944557.0,000725
373,2016-11-28,2.759,2.838,2.858,2.749,7916161.0,000725
374,2016-11-29,2.828,2.868,2.928,2.818,8140404.0,000725
375,2016-11-30,2.858,2.878,2.908,2.838,4549043.0,000725
376,2016-12-01,2.888,2.878,2.908,2.848,3341406.0,000725
377,2016-12-02,2.868,2.947,3.037,2.848,7235159.0,000725
378,2016-12-05,2.908,2.838,3.007,2.818,9587313.0,000725
379,2016-12-06,2.818,2.828,2.858,2.818,3752206.0,000725
380,2016-12-07,2.828,2.848,2.848,2.789,2876410.0,000725
381,2016-12-08,2.848,2.908,2.947,2.838,4507944.0,000725
382,2016-12-09,2.918,2.928,2.947,2.888,2745009.0,000725
383,2016-12-12,2.938,2.828,2.947,2.809,4459334.0,000725
384,2016-12-13,2.818,2.799,2.848,2.749,4938396.0,000725
385,2016-12-14,2.789,2.789,2.828,2.769,3445466.0,000725
386,2016-12-15,2.779,2.759,2.828,2.749,3919781.0,000725
387,2016-12-16,2.759,2.759,2.789,2.739,2211112.0,000725
388,2016-12-19,2.769,2.799,2.818,2.739,2612305.0,000725
389,2016-12-20,2.799,2.818,2.838,2.789,4699732.0,000725
390,2016-12-21,2.828,2.838,2.848,2.818,2614244.0,000725
391,2016-12-22,2.838,2.828,2.848,2.809,1415630.0,000725
392,2016-12-23,2.818,2.789,2.828,2.769,2345735.0,000725
393,2016-12-26,2.779,2.809,2.809,2.759,1800608.0,000725
394,2016-12-27,2.809,2.799,2.828,2.789,1103374.0,000725
395,2016-12-28,2.799,2.799,2.809,2.769,1419636.0,000725
396,2016-12-29,2.789,2.779,2.799,2.769,1246845.0,000725
397,2016-12-30,2.789,2.838,2.838,2.779,2381153.0,000725
398,2017-01-03,2.838,3.076,3.126,2.838,9914155.0,000725
399,2017-01-04,3.057,3.096,3.116,3.027,5289603.0,000725
400,2017-01-05,3.086,3.057,3.146,3.037,4048673.0,000725
401,2017-01-06,3.047,3.067,3.106,3.047,2856866.0,000725
402,2017-01-09,3.076,3.136,3.146,3.067,4345830.0,000725
403,2017-01-10,3.136,3.126,3.206,3.116,4572219.0,000725
404,2017-01-11,3.116,3.136,3.176,3.096,4079446.0,000725
405,2017-01-12,3.136,3.275,3.325,3.136,8564137.0,000725
406,2017-01-13,3.255,3.166,3.275,3.146,4961496.0,000725
407,2017-01-16,3.146,3.067,3.186,2.987,6624538.0,000725
408,2017-01-17,3.057,3.136,3.146,3.047,3341646.0,000725
409,2017-01-18,3.126,3.126,3.166,3.106,1976568.0,000725
410,2017-01-19,3.116,3.136,3.255,3.106,5417578.0,000725
411,2017-01-20,3.245,3.255,3.305,3.215,4752647.0,000725
412,2017-01-23,3.255,3.404,3.424,3.245,6738546.0,000725
413,2017-01-24,3.394,3.374,3.434,3.344,3494072.0,000725
414,2017-01-25,3.374,3.374,3.404,3.325,2399040.0,000725
415,2017-01-26,3.384,3.384,3.414,3.354,2051465.0,000725
416,2017-02-03,3.374,3.196,3.374,3.047,8605337.0,000725
417,2017-02-06,3.136,3.146,3.186,3.106,3668399.0,000725
418,2017-02-07,3.146,3.166,3.196,3.136,2704780.0,000725
419,2017-02-08,3.166,3.166,3.176,3.106,2494290.0,000725
420,2017-02-09,3.156,3.196,3.235,3.146,3703765.0,000725
421,2017-02-10,3.196,3.235,3.255,3.186,3126892.0,000725
422,2017-02-13,3.225,3.245,3.265,3.206,2801807.0,000725
423,2017-02-14,3.235,3.186,3.255,3.166,3709267.0,000725
424,2017-02-15,3.186,3.225,3.255,3.176,3354318.0,000725
425,2017-02-16,3.225,3.245,3.255,3.206,2596165.0,000725
426,2017-02-17,3.235,3.196,3.245,3.186,2112333.0,000725
427,2017-02-20,3.186,3.196,3.215,3.126,3455537.0,000725
428,2017-02-21,3.196,3.235,3.235,3.186,3511897.0,000725
429,2017-02-22,3.225,3.315,3.325,3.215,4757548.0,000725
430,2017-02-23,3.305,3.305,3.354,3.285,2967507.0,000725
431,2017-02-24,3.295,3.325,3.364,3.295,1931379.0,000725
432,2017-02-27,3.325,3.265,3.344,3.255,2237560.0,000725
433,2017-02-28,3.265,3.245,3.275,3.215,1753862.0,000725
434,2017-03-01,3.235,3.225,3.245,3.196,2520424.0,000725
435,2017-03-02,3.215,3.186,3.235,3.166,2446044.0,000725
436,2017-03-03,3.166,3.196,3.215,3.146,1754031.0,000725
437,2017-03-06,3.215,3.186,3.235,3.166,2108743.0,000725
438,2017-03-07,3.186,3.196,3.225,3.176,2219508.0,000725
439,2017-03-08,3.206,3.176,3.206,3.156,1939712.0,000725
440,2017-03-09,3.176,3.136,3.176,3.126,2034485.0,000725
441,2017-03-10,3.136,3.116,3.156,3.116,1805891.0,000725
442,2017-03-13,3.106,3.176,3.186,3.096,3809816.0,000725
443,2017-03-14,3.176,3.156,3.186,3.146,1665887.0,000725
444,2017-03-15,3.156,3.206,3.215,3.146,2183124.0,000725
445,2017-03-16,3.196,3.206,3.225,3.186,1441471.0,000725
446,2017-03-17,3.206,3.166,3.225,3.156,1806419.0,000725
447,2017-03-20,3.166,3.206,3.215,3.156,2009458.0,000725
448,2017-03-21,3.206,3.265,3.275,3.196,3730305.0,000725
449,2017-03-22,3.265,3.295,3.315,3.245,4497248.0,000725
450,2017-03-23,3.305,3.295,3.325,3.265,3304519.0,000725
451,2017-03-24,3.305,3.374,3.414,3.295,6654184.0,000725
452,2017-03-27,3.374,3.394,3.454,3.374,4385092.0,000725
453,2017-03-28,3.394,3.464,3.464,3.374,4276797.0,000725
454,2017-03-29,3.464,3.454,3.493,3.424,3818963.0,000725
455,2017-03-30,3.454,3.384,3.464,3.374,5362878.0,000725
456,2017-03-31,3.384,3.414,3.424,3.374,2413895.0,000725
457,2017-04-05,3.424,3.533,3.642,3.414,5245711.0,000725
458,2017-04-06,3.543,3.543,3.563,3.473,3060264.0,000725
459,2017-04-07,3.523,3.632,3.642,3.513,5515473.0,000725
460,2017-04-10,3.622,3.761,3.771,3.612,7120914.0,000725
461,2017-04-11,3.811,3.761,3.86,3.652,7778210.0,000725
462,2017-04-12,3.741,3.692,3.761,3.672,3293414.0,000725
463,2017-04-13,3.702,3.741,3.811,3.692,3522430.0,000725
464,2017-04-14,3.741,3.682,3.741,3.652,2784381.0,000725
465,2017-04-17,3.682,3.682,3.712,3.652,2319738.0,000725
466,2017-04-18,3.682,3.761,3.781,3.672,4190317.0,000725
467,2017-04-19,3.761,3.702,3.831,3.672,3889572.0,000725
468,2017-04-20,3.722,3.771,3.801,3.692,4296814.0,000725
469,2017-04-21,3.801,3.95,4.019,3.791,8101411.0,000725
470,2017-04-24,3.94,3.89,3.989,3.841,6200645.0,000725
471,2017-04-25,3.89,3.831,3.92,3.791,5242520.0,000725
472,2017-04-26,3.821,3.999,4.099,3.811,7216797.0,000725
473,2017-04-27,3.97,4.019,4.019,3.92,5488789.0,000725
474,2017-04-28,4.089,3.999,4.089,3.989,4111001.0,000725
475,2017-05-02,3.989,4.069,4.079,3.93,5230993.0,000725
476,2017-05-03,4.079,4.148,4.168,4.049,6110453.0,000725
477,2017-05-04,4.128,4.119,4.188,4.099,4088055.0,000725
478,2017-05-05,4.089,4.079,4.138,4.079,2715071.0,000725
479,2017-05-08,4.049,3.682,4.079,3.672,11826645.0,000725
480,2017-05-09,3.583,3.731,3.751,3.553,5797179.0,000725
481,2017-05-10,3.731,3.781,3.851,3.722,5651749.0,000725
482,2017-05-11,3.771,3.761,3.851,3.702,4884402.0,000725
483,2017-05-12,3.751,3.771,3.811,3.751,2189419.0,000725
484,2017-05-15,3.831,3.851,3.89,3.811,3852428.0,000725
485,2017-05-16,3.841,4.148,4.158,3.801,7627468.0,000725
486,2017-05-17,4.128,4.079,4.178,4.059,5542157.0,000725
487,2017-05-18,4.049,4.128,4.168,4.039,4141033.0,000725
488,2017-05-19,4.109,4.119,4.198,4.099,3760092.0,000725
489,2017-05-22,4.128,4.089,4.158,4.079,5281918.0,000725
490,2017-05-23,4.079,3.95,4.099,3.91,7796560.0,000725
491,2017-05-24,3.94,4.039,4.049,3.92,4868155.0,000725
492,2017-05-25,4.029,4.029,4.079,3.95,3865984.0,000725
493,2017-05-26,4.039,3.989,4.049,3.97,3438467.0,000725
494,2017-05-31,4.039,3.831,4.069,3.791,7539788.0,000725
495,2017-06-01,3.831,3.831,3.91,3.791,3937211.0,000725
496,2017-06-02,3.831,3.86,3.87,3.771,2631428.0,000725
497,2017-06-05,3.86,3.86,3.9,3.831,2329730.0,000725
498,2017-06-06,3.851,3.821,3.86,3.781,2615939.0,000725
499,2017-06-07,3.821,3.88,3.92,3.791,5130495.0,000725
500,2017-06-08,3.86,3.989,4.039,3.86,6778341.0,000725
501,2017-06-09,4.009,4.019,4.049,3.97,3865301.0,000725
502,2017-06-12,4.019,3.97,4.049,3.95,4337780.0,000725
503,2017-06-13,3.97,3.97,4.009,3.94,4345796.0,000725
504,2017-06-14,3.96,3.87,3.97,3.851,5827164.0,000725
505,2017-06-15,3.86,3.87,3.89,3.851,3140842.0,000725
506,2017-06-16,3.86,3.95,3.95,3.851,6493094.0,000725
507,2017-06-19,3.96,3.95,3.999,3.92,4570689.0,000725
508,2017-06-20,3.95,4.029,4.049,3.93,6743447.0,000725
509,2017-06-21,4.049,4.049,4.049,3.989,4013694.0,000725
510,2017-06-22,4.049,3.96,4.069,3.95,5317999.0,000725
511,2017-06-23,3.95,3.999,4.019,3.94,4314992.0,000725
512,2017-06-26,3.999,4.128,4.188,3.989,10539384.0,000725
513,2017-06-27,4.138,4.119,4.198,4.089,7079520.0,000725
514,2017-06-28,4.119,4.109,4.168,4.089,4557358.0,000725
515,2017-06-29,4.128,4.198,4.198,4.099,7454433.0,000725
516,2017-06-30,4.198,4.128,4.228,4.128,7569114.0,000725
517,2017-07-03,4.128,4.089,4.148,4.049,4661893.0,000725
518,2017-07-04,4.079,4.119,4.128,4.029,4758679.0,000725
519,2017-07-05,4.109,4.128,4.128,4.069,2921486.0,000725
520,2017-07-06,4.119,4.109,4.128,4.059,4795852.0,000725
521,2017-07-07,4.099,4.109,4.138,4.079,4177222.0,000725
522,2017-07-10,4.099,3.989,4.109,3.97,7037154.0,000725
523,2017-07-11,3.97,3.989,4.019,3.97,3287308.0,000725
524,2017-07-12,3.989,3.91,3.999,3.86,7816173.0,000725
525,2017-07-13,3.91,3.92,3.93,3.88,2785097.0,000725
526,2017-07-14,3.96,4.01,4.04,3.94,4933337.0,000725
527,2017-07-17,4.01,3.9,4.02,3.81,5735103.0,000725
528,2017-07-18,3.89,3.95,3.97,3.88,3205003.0,000725
529,2017-07-19,3.94,4.03,4.04,3.93,4788496.0,000725
530,2017-07-20,4.03,4.03,4.05,4.0,3132186.0,000725
531,2017-07-21,4.02,3.97,4.03,3.96,3093440.0,000725
532,2017-07-24,3.96,4.03,4.04,3.91,4935940.0,000725
533,2017-07-25,4.01,3.96,4.03,3.93,3853856.0,000725
534,2017-07-26,3.94,3.92,3.96,3.89,4204072.0,000725
535,2017-07-27,3.91,3.93,3.95,3.89,2466449.0,000725
536,2017-07-28,3.92,3.91,3.93,3.89,2356215.0,000725
537,2017-07-31,3.9,3.95,3.98,3.89,3422302.0,000725
538,2017-08-01,3.94,3.93,3.96,3.91,2653405.0,000725
539,2017-08-02,3.92,3.92,3.95,3.91,2001749.0,000725
540,2017-08-03,3.92,3.9,3.94,3.88,2990828.0,000725
541,2017-08-04,3.89,3.86,3.91,3.85,3665569.0,000725
542,2017-08-07,3.85,3.89,3.9,3.84,2223352.0,000725
543,2017-08-08,3.88,3.82,3.89,3.8,3977311.0,000725
544,2017-08-09,3.81,3.79,3.81,3.72,4708531.0,000725
545,2017-08-10,3.78,3.69,3.8,3.67,4425303.0,000725
546,2017-08-11,3.68,3.7,3.73,3.67,4052109.0,000725
547,2017-08-14,3.7,3.81,3.82,3.69,4252460.0,000725
548,2017-08-15,3.8,3.8,3.82,3.77,2468931.0,000725
549,2017-08-16,3.81,3.85,3.87,3.78,3219242.0,000725
550,2017-08-17,3.85,3.83,3.86,3.8,2746777.0,000725
551,2017-08-18,3.81,3.82,3.84,3.79,1413223.0,000725
552,2017-08-21,3.81,3.87,3.9,3.81,3158164.0,000725
553,2017-08-22,3.88,3.86,3.9,3.84,1786863.0,000725
554,2017-08-23,3.86,3.89,3.92,3.85,2783594.0,000725
555,2017-08-24,3.88,3.87,3.89,3.84,1767723.0,000725
556,2017-08-25,3.86,3.9,3.92,3.85,2526626.0,000725
557,2017-08-28,3.89,3.92,3.93,3.88,3269940.0,000725
558,2017-08-29,3.91,3.83,3.91,3.82,4101084.0,000725
559,2017-08-30,3.83,3.85,3.87,3.82,2799093.0,000725
560,2017-08-31,3.85,3.83,3.86,3.82,1596356.0,000725
561,2017-09-01,3.83,3.84,3.87,3.82,2634048.0,000725
562,2017-09-04,3.83,3.9,3.92,3.82,3921960.0,000725
563,2017-09-05,3.91,4.01,4.03,3.9,7908113.0,000725
564,2017-09-06,4.0,4.01,4.04,3.98,3767107.0,000725
565,2017-09-07,4.02,3.96,4.02,3.95,3026261.0,000725
566,2017-09-08,3.96,3.97,4.0,3.95,2129570.0,000725
567,2017-09-11,3.97,3.97,3.99,3.95,2287255.0,000725
568,2017-09-12,3.98,3.92,3.99,3.9,3458514.0,000725
569,2017-09-13,3.92,3.91,3.94,3.89,2257000.0,000725
570,2017-09-14,3.91,3.84,3.92,3.83,3445106.0,000725
571,2017-09-15,3.84,3.84,3.86,3.83,1953819.0,000725
572,2017-09-18,3.85,4.01,4.01,3.84,7829559.0,000725
573,2017-09-19,4.0,4.01,4.04,3.97,5216657.0,000725
574,2017-09-20,4.02,4.0,4.02,3.98,4360728.0,000725
575,2017-09-21,4.0,3.96,4.02,3.95,2749941.0,000725
576,2017-09-22,3.96,4.0,4.03,3.94,3547071.0,000725
577,2017-09-25,4.02,3.99,4.05,3.98,4644909.0,000725
578,2017-09-26,3.98,4.17,4.23,3.98,12461685.0,000725
579,2017-09-27,4.15,4.2,4.3,4.12,11296114.0,000725
580,2017-09-28,4.2,4.49,4.57,4.19,14481710.0,000725
581,2017-09-29,4.5,4.4,4.65,4.29,18217356.0,000725
582,2017-10-09,4.49,4.79,4.83,4.45,16888210.0,000725
583,2017-10-10,4.79,4.81,4.82,4.67,10274860.0,000725
584,2017-10-11,4.79,4.73,4.85,4.66,8365742.0,000725
585,2017-10-12,4.71,4.77,4.93,4.63,10970542.0,000725
586,2017-10-13,4.83,5.1,5.13,4.77,14734930.0,000725
587,2017-10-16,5.13,5.11,5.39,5.07,17991431.0,000725
588,2017-10-17,5.09,5.15,5.24,5.05,10127246.0,000725
589,2017-10-18,5.15,5.29,5.33,5.11,11568864.0,000725
590,2017-10-19,5.38,5.03,5.39,5.01,13124605.0,000725
591,2017-10-20,5.0,5.06,5.14,4.99,8238626.0,000725
592,2017-10-23,5.11,5.25,5.28,5.03,11491177.0,000725
593,2017-10-24,5.23,5.22,5.33,5.16,8057447.0,000725
594,2017-10-25,5.23,5.72,5.72,5.17,18039415.0,000725
595,2017-10-26,5.66,5.76,5.78,5.6,13772986.0,000725
596,2017-10-27,5.8,5.92,6.0,5.71,18538246.0,000725
597,2017-10-30,6.03,6.15,6.36,5.92,25362642.0,000725
598,2017-10-31,6.12,6.22,6.27,6.01,14283635.0,000725
599,2017-11-01,6.22,6.19,6.25,6.12,11619615.0,000725
600,2017-11-02,6.12,5.82,6.13,5.77,22060478.0,000725
601,2017-11-03,5.84,6.01,6.07,5.81,17642384.0,000725
602,2017-11-06,6.0,6.54,6.55,5.97,20858191.0,000725
603,2017-11-07,6.5,6.53,6.59,6.28,20250680.0,000725
604,2017-11-08,6.47,6.44,6.77,6.42,18908150.0,000725
605,2017-11-09,6.41,6.52,6.53,6.24,16951939.0,000725
606,2017-11-10,6.5,6.5,6.62,6.43,14691925.0,000725
607,2017-11-13,6.5,6.41,6.64,6.36,15746384.0,000725
608,2017-11-14,6.35,6.13,6.43,6.1,20317426.0,000725
609,2017-11-15,6.17,6.22,6.33,6.12,12746063.0,000725
610,2017-11-16,6.18,6.42,6.45,6.02,19959584.0,000725
611,2017-11-17,6.4,6.18,6.59,6.17,18859630.0,000725
612,2017-11-20,6.08,6.27,6.29,6.01,15311331.0,000725
613,2017-11-21,6.24,6.67,6.75,6.21,25979413.0,000725
614,2017-11-22,6.5,6.48,6.63,6.36,22875733.0,000725
615,2017-11-23,6.37,6.06,6.45,6.04,19350333.0,000725
616,2017-11-24,6.01,5.78,6.15,5.78,15840922.0,000725
617,2017-11-27,5.55,5.22,5.57,5.2,25011258.0,000725
618,2017-11-28,5.3,5.39,5.42,5.26,14424132.0,000725
619,2017-11-29,5.41,5.41,5.48,5.31,10443576.0,000725
620,2017-11-30,5.3,5.34,5.48,5.26,8789504.0,000725
621,2017-12-01,5.34,5.38,5.45,5.29,7818463.0,000725
622,2017-12-04,5.42,5.6,5.71,5.42,12986355.0,000725
623,2017-12-05,5.56,5.62,5.77,5.54,11405909.0,000725
624,2017-12-06,5.62,5.71,5.73,5.42,12271790.0,000725
625,2017-12-07,5.68,5.58,5.69,5.58,7116014.0,000725
626,2017-12-08,5.55,5.67,5.73,5.51,8465574.0,000725
627,2017-12-11,5.67,5.8,5.81,5.63,10867054.0,000725
628,2017-12-12,5.79,5.73,5.85,5.72,7784105.0,000725
629,2017-12-13,5.71,5.79,5.83,5.7,6811756.0,000725
630,2017-12-14,5.8,5.8,5.84,5.75,6000925.0,000725
631,2017-12-15,5.78,5.52,5.78,5.5,12431361.0,000725
632,2017-12-18,5.49,5.53,5.62,5.46,6089062.0,000725
633,2017-12-19,5.52,5.65,5.66,5.52,6761044.0,000725
634,2017-12-20,5.64,5.66,5.7,5.58,6547997.0,000725
635,2017-12-21,5.68,5.91,5.97,5.61,13368509.0,000725
636,2017-12-22,5.95,5.92,5.98,5.88,8213047.0,000725
637,2017-12-25,5.93,5.86,5.97,5.81,6930017.0,000725
638,2017-12-26,5.89,5.81,5.9,5.69,7741395.0,000725
639,2017-12-27,5.79,5.75,5.92,5.71,8416398.0,000725
640,2017-12-28,5.72,5.75,5.77,5.72,681137.0,000725
